The latest version of Julia in the `release` channel is 1.11.5+0.x64.linux.gnu. You currently have `1.11.4+0.x64.linux.gnu` installed. Run:

  juliaup update

in your terminal shell to install Julia 1.11.5+0.x64.linux.gnu and update the `release` channel to that version.
[ Info: Starting LS with Julia 1.11.4
  Activating project at `~/.vscode-oss/extensions/julialang.language-julia-1.127.2-universal/scripts/environments/languageserver/v1.11`
[ Info: Starting the Julia Language Server
[ Info: Symbol server store is at '/home/lua/.config/VSCodium/User/globalStorage/julialang.language-julia/symbolstorev5'.
[ Info: Starting LS at 1744734411
[ Info: Downloading cache files... (0%)
[ Info: Downloading cache files... (2%)
[ Info: Downloading cache files... (3%)
[ Info: Downloading cache files... (5%)
[ Info: Downloading cache files... (6%)
[ Info: Downloading cache files... (8%)
[ Info: Downloading cache files... (10%)
[ Info: Cloud is unable to cache Statistics, we won't try to retrieve it again.
[ Info: Cloud is unable to cache DelimitedFiles, we won't try to retrieve it again.
[ Info: Downloading cache files... (11%)
[ Info: Downloading cache files... (13%)
[ Info: Downloading cache files... (14%)
[ Info: Downloading cache files... (16%)
[ Info: Downloading cache files... (17%)
[ Info: Downloading cache files... (19%)
[ Info: Downloading cache files... (21%)
[ Info: Downloading cache files... (22%)
[ Info: Downloading cache files... (24%)
[ Info: Downloading cache files... (25%)
[ Info: Downloading cache files... (27%)
[ Info: Downloading cache files... (29%)
[ Info: Downloading cache files... (30%)
[ Info: Downloading cache files... (32%)
[ Info: Downloading cache files... (33%)
[ Info: Downloading cache files... (35%)
[ Info: Downloading cache files... (37%)
[ Info: Downloading cache files... (38%)
[ Info: Downloading cache files... (40%)
[ Info: Downloading cache files... (41%)
[ Info: Downloading cache files... (43%)
[ Info: Downloading cache files... (44%)
[ Info: Downloading cache files... (46%)
[ Info: Downloading cache files... (48%)
[ Info: Downloading cache files... (49%)
[ Info: Downloading cache files... (51%)
[ Info: Downloading cache files... (52%)
[ Info: Downloading cache files... (54%)
[ Info: Downloading cache files... (56%)
[ Info: Downloading cache files... (57%)
[ Info: Downloading cache files... (59%)
[ Info: Downloading cache files... (60%)
[ Info: Downloading cache files... (62%)
[ Info: Downloading cache files... (63%)
[ Info: Downloading cache files... (65%)
[ Info: Downloading cache files... (67%)
[ Info: Downloading cache files... (68%)
[ Info: Downloading cache files... (70%)
[ Info: Downloading cache files... (71%)
[ Info: Downloading cache files... (73%)
[ Info: Downloading cache files... (75%)
[ Info: Downloading cache files... (76%)
[ Info: Downloading cache files... (78%)
[ Info: Downloading cache files... (79%)
[ Info: Downloading cache files... (81%)
[ Info: Downloading cache files... (83%)
[ Info: Downloading cache files... (84%)
[ Info: Downloading cache files... (86%)
[ Info: Downloading cache files... (87%)
[ Info: Downloading cache files... (89%)
[ Info: Downloading cache files... (90%)
[ Info: Downloading cache files... (92%)
[ Info: Downloading cache files... (94%)
[ Info: Downloading cache files... (95%)
[ Info: Downloading cache files... (97%)
[ Info: Downloading cache files... (98%)
[ Info: All cache files downloaded (took 9.2s). (100%)
Juliaup configuration is locked by another process, waiting for it to unlock.
[ Info: Will cache package Plots (91a5bcdd-55d7-5caf-9e0b-520d859cae80)
[ Info: Will cache package LaTeXStrings (b964fa9f-0449-5b57-a5c2-d3ea65f4040f)
[ Info: Indexing Plots... (0%)
[ Info: Indexing LaTeXStrings... (50%)
[ Info: Now writing to disc 2381bf8a-dfd0-557d-9999-79630e7b1b91
[ Info: Now writing to disc c87230d0-a227-11e9-1b43-d7ebe4e7570a
[ Info: Now writing to disc f67eecfb-183a-506d-b269-f58e52b52d7c
[ Info: Now writing to disc 0d47668e-0667-5a69-a72c-f761630bfb7e
[ Info: Now writing to disc 6c6a2e73-6563-6170-7368-637461726353
[ Info: Now writing to disc 1183f4f0-6f2a-5f1a-908b-139f9cdfea6f
[ Info: Now writing to disc 3da002f7-5984-5a60-b8a6-cbb66c0b333f
[ Info: Now writing to disc efcefdf7-47ab-520b-bdef-62a2eaa19f15
[ Info: Now writing to disc ee1fde0b-3d02-5ea6-8484-8dfef6360eab
[ Info: Now writing to disc 1a1c6b14-54f6-533d-8383-74cd7377aa70
[ Info: Now writing to disc aacddb02-875f-59d6-b918-886e6ef4fbf8
[ Info: Now writing to disc 92d709cd-6900-40b7-9082-c6be49f344b6
[ Info: Now writing to disc dfaa095f-4041-5dcd-9319-2fabd8486b76
[ Info: Now writing to disc 992d4aef-0814-514b-bc4d-f2e9a6c4116f
[ Info: Now writing to disc a63ad114-7e13-5084-954f-fe012c677804
[ Info: Now writing to disc 91a5bcdd-55d7-5caf-9e0b-520d859cae80
[ Info: Now writing to disc 76f85450-5226-5b5a-8eaa-529ad045b433
[ Info: Now writing to disc f638f0a6-7fb0-5443-88ba-1cc74229b280
[ Info: Now writing to disc 2a0f44e3-6c83-55bd-87e4-b1978d98bd5f
[ Info: Now writing to disc 3b182d85-2403-5c21-9c21-1e1f0cc25472
[ Info: Now writing to disc 860ef19b-820b-49d6-a774-d7a799459cd3
[ Info: Now writing to disc 30392449-352a-5448-841d-b1acce4e97dc
[ Info: Now writing to disc d2c73de3-f751-5644-a686-071e5b155ba9
[ Info: Now writing to disc 4b2f31a3-9ecc-558c-b454-b3730dcb73e9
[ Info: Now writing to disc 35ca27e7-8b34-5b7f-bca9-bdc33f59eb06
[ Info: Now writing to disc 05823500-19ac-5b8b-9628-191a04bc5112
[ Info: Now writing to disc 0ac62f75-1d6f-5e53-bd7c-93b484bb37c0
[ Info: Now writing to disc 56f22d72-fd6d-98f1-02f0-08ddc0907c33
[ Info: Now writing to disc 1082639a-0dae-5f34-9b06-72781eeb8cb3
[ Info: Now writing to disc 02c8fc9c-b97f-50b9-bbe4-9be30ff0a78a
[ Info: Now writing to disc 682c06a0-de6a-54ab-a142-c8b1cf79cde6
[ Info: Now writing to disc 88015f11-f218-50d7-93a8-a6af411a945d
[ Info: Now writing to disc b77e0a4c-d291-57a0-90e8-8db25a27a240
[ Info: Now writing to disc 36c8627f-9965-5494-a995-c6b170f724f3
[ Info: Now writing to disc 62fd8b95-f654-4bbd-a8a5-9c27f68ccd50
[ Info: Now writing to disc 21216c6a-2e73-6563-6e65-726566657250
[ Info: Now writing to disc 78b55507-aeef-58d4-861c-77aaff3498b1
[ Info: Now writing to disc a2964d1f-97da-50d4-b82a-358c7fce9d89
[ Info: Now writing to disc 43287f4e-b6f4-7ad1-bb20-aadabca52c3d
[ Info: Now writing to disc 3161d3a3-bdf6-5164-811a-617609db77b4
[ Info: Now writing to disc e37daf67-58a4-590a-8e99-b0245dd2ffc5
[ Info: Now writing to disc e920d4aa-a673-5f3a-b3d7-f755a4d47c43
[ Info: Now writing to disc 7b1f6079-737a-58dc-b8bc-7a2ca5c1b5ee
[ Info: Now writing to disc bea87d4a-7f5b-5778-9afe-8cc45184846c
[ Info: Now writing to disc c5fb5394-a638-5e4d-96e5-b29de1b5cf10
[ Info: Now writing to disc e66e0078-7015-5450-92f7-15fbd957f2ae
[ Info: Now writing to disc 2e619515-83b5-522b-bb60-26c02a35a201
[ Info: Now writing to disc 37e2e46d-f89d-539d-b4ee-838fcccc9c8e
[ Info: Now writing to disc 458c3c95-2e84-50aa-8efc-19380b2a3a95
[ Info: Now writing to disc ade2ca70-3891-5945-98fb-dc099432e06a
[ Info: Now writing to disc 91d4177d-7536-5919-b921-800302f37372
[ Info: Now writing to disc b22a6f82-2f65-5046-a5b2-351ab43fb4e5
[ Info: Now writing to disc d8fb68d0-12a3-5cfd-a85a-d49703b185fd
[ Info: Now writing to disc 35d6a980-a343-548e-a6ea-1d62b119f2f4
[ Info: Now writing to disc 975044d2-76e6-5fbe-bf08-97ce7c6574c7
[ Info: Now writing to disc 6e34b625-4abd-537c-b88f-471c36dfa7a0
[ Info: Now writing to disc 69de0a69-1ddd-5017-9359-2bf0b02dc9f0
[ Info: Now writing to disc 35661453-b289-5fab-8a00-3d9160c6a3a4
[ Info: Now writing to disc 05181044-ff0b-4ac5-8273-598c1e38db00
[ Info: Now writing to disc 28b8d3ca-fb5f-59d9-8090-bfdbd6d07a71
[ Info: Now writing to disc ffd25f8a-64ca-5728-b0f7-c24cf3aae800
[ Info: Now writing to disc 2e76f6c2-a576-52d4-95c1-20adfe4de566
[ Info: Now writing to disc ccf2f8ad-2431-5c83-bf29-c5338b663b6a
[ Info: Now writing to disc 3fa0cd96-eef1-5676-8a61-b3b8758bbffb
[ Info: Now writing to disc 33bec58e-1273-512f-9401-5d533626f822
[ Info: Now writing to disc 9a962f9c-6df0-11e9-0e5d-c546b8b5ee8a
[ Info: Now writing to disc 0dad84c5-d112-42e6-8d28-ef12dabb789f
[ Info: Now writing to disc 53c48c17-4a7d-5ca2-90c5-79b7896eea93
[ Info: Now writing to disc ec84b674-ba8e-5d96-8ba1-2a689ba10484
[ Info: Now writing to disc 4536629a-c528-5b80-bd46-f80d51c5b363
[ Info: Now writing to disc 8e850b90-86db-534c-a0d3-1478176c7d93
[ Info: Now writing to disc 89763e89-9b03-5906-acba-b20f662cd828
[ Info: Now writing to disc 2f01184e-e22b-5df5-ae63-d93ebab69eaf
[ Info: Now writing to disc 442fdcdd-2543-5da2-b0f3-8c86c306513e
[ Info: Now writing to disc 6462fe0b-24de-5631-8697-dd941f90decc
[ Info: Now writing to disc 3cdcf5f2-1ef4-517c-9805-6587b60abb01
[ Info: Now writing to disc ca575930-c2e3-43a9-ace4-1e988b2c1908
[ Info: Now writing to disc 692b3bcd-3c85-4b1f-b108-f13ce0eb3210
[ Info: Now writing to disc d091e8ba-531a-589c-9de9-94069b037ed8
[ Info: Now writing to disc c1c5ebd0-6772-5130-a774-d5fcae4a789d
[ Info: Now writing to disc 83775a58-1f1d-513f-b197-d71354ab007a
[ Info: Now writing to disc aea7be01-6a6a-4083-8856-8a6e6704d82a
[ Info: Now writing to disc 77ba4419-2d1f-58cd-9bb1-8ffee604a2e3
[ Info: Now writing to disc 94ce4f54-9a6c-5748-9c1c-f9c7231a4531
[ Info: Now writing to disc c22f9ab0-d5fe-5066-847c-f4bb1cd4e361
[ Info: Now writing to disc c3611d14-8923-5661-9e6a-0046d554d3a4
[ Info: Now writing to disc 12413925-8142-5f55-bb0e-6d7ca50bb09b
[ Info: Now writing to disc c0090381-4147-56d7-9ebc-da0b1113ec56
[ Info: Now writing to disc 995b91a9-d308-5afd-9ec6-746e21dbc043
[ Info: Now writing to disc dd4b983a-f0e5-5f8d-a1b7-129d4a5fb1ac
[ Info: Now writing to disc e9f186c6-92d2-5b65-8a66-fee21dc1b490
[ Info: Now writing to disc bac558e1-5e72-5ebc-8fee-abe8a469f55d
[ Info: Now writing to disc 29816b5a-b9ab-546f-933c-edad1886dfa8
[ Info: Now writing to disc 01d81517-befc-4cb6-b9ec-a95719d0359c
[ Info: Now writing to disc 3f19e933-33d8-53b3-aaab-bd5110c3b7a0
[ Info: Now writing to disc b964fa9f-0449-5b57-a5c2-d3ea65f4040f
[ Info: Now writing to disc ea2f1a96-1ddc-540d-b46f-429655e07cfa
[ Info: Now writing to disc 14a3606d-f60d-562e-9121-12d972cd8159
[ Info: Now writing to disc d6f4376e-aef5-505a-96c1-9c027394607a
[ Info: Now writing to disc 2db6ffa8-e38f-5e21-84af-90c45d0032cc
[ Info: Now writing to disc 214eeab7-80f7-51ab-84ad-2988db7cef09
[ Info: Now writing to disc f27f6e37-5d2b-51aa-960f-b287f2bc3b7a
[ Info: Now writing to disc 7746bdde-850d-59dc-9ae8-88ece973131d
[ Info: Now writing to disc 559328eb-81f9-559d-9380-de523a88c83c
[ Info: Now writing to disc 36db933b-70db-51c0-b978-0f229ee0e533
[ Info: Now writing to disc f43a241f-c20a-4ad4-852c-f6b1247861c6
[ Info: Now writing to disc e7412a2a-1a6e-54c0-be00-318e2571c051
[ Info: Now writing to disc 9a3f8284-a2c9-5f02-9a11-845980a1fd5c
[ Info: Now writing to disc 7e76a0d4-f3c7-5321-8279-8d96eeed0f29
[ Info: Now writing to disc 14d82f49-176c-5ed1-bb49-ad3f5cbd8c74
[ Info: Now writing to disc a51aa0fd-4e3c-5386-b890-e753decda492
[ Info: Now writing to disc c834827a-8449-5923-a945-d239c165b7dd
[ Info: Now writing to disc 9e88b42a-f829-5b0c-bbe9-9e923198166b
[ Info: Now writing to disc deac9b47-8bc7-5906-a0fe-35ac56dc84c0
[ Info: Now writing to disc a44049a8-05dd-5a78-86c9-5fde0876e88c
[ Info: Now writing to disc 1cfade01-22cf-5700-b092-accc4b62d6e1
[ Info: Now writing to disc 83423d85-b0ee-5818-9007-b63ccbeb887a
[ Info: Now writing to disc f489334b-da3d-4c2e-b8f0-e476e12c162b
[ Info: Now writing to disc 2def613f-5ad1-5310-b15b-b15d46f528f5
[ Info: Now writing to disc 189a3867-3050-52da-a836-e630ba90ab69
[ Info: Now writing to disc a3f928ae-7b40-5064-980b-68af3947d34b
[ Info: Now writing to disc 10745b16-79ce-11e8-11f9-7d13ad32a3b2
[ Info: Now writing to disc 0656b61e-2033-5cc2-a64a-77c0f6c09b89
[ Info: Now writing to disc 864edb3b-99cc-5e75-8d2d-829cb0a9cfe8
[ Info: Now writing to disc 5ae59095-9a9b-59fe-a467-6f913c188581
[ Info: Now writing to disc 2ab3a3ac-af41-5b50-aa03-7779005ae688
[ Info: Now writing to disc ae029012-a4dd-5104-9daa-d747884805df
[ Info: Now writing to disc 1270edf5-f2f9-52d2-97e9-ab00b5d0237a
[ Info: Now writing to disc cc61e674-0454-545c-8b26-ed2c68acab7a
[ Info: Now writing to disc d1454406-59df-5ea1-beac-c340f2130bc3
[ Info: Now writing to disc fa267f1f-6049-4f14-aa54-33bafae1ed76
[ Info: Now writing to disc 4f6342f7-b3d2-589e-9d20-edeb45f2b2bc
[ Info: Now writing to disc 66dad0bd-aa9a-41b7-9441-69ab47430ed8
[ Info: Now writing to disc 1019f520-868f-41f5-a6de-eb00f4b6a39c
[ Info: Now writing to disc a3789734-cfe1-5b06-b2d0-1dd0d9d62d05
[ Info: Now writing to disc d7e528f0-a631-5988-bf34-fe36492bcfd7
[ Info: Now writing to disc b27032c2-a3e7-50c8-80cd-2d36dbcbfd21
[ Info: Now writing to disc 82ae8749-77ed-4fe6-ae5f-f523153014b0
[ Info: Now writing to disc c8ffd9c3-330d-5841-b78e-0817d7145fa1
[ Info: Now writing to disc 34da2185-b29b-5c13-b0c7-acf172513d20
[ Info: Now writing to disc 56ddb016-857b-54e1-b83d-db4d58db5568
[ Info: Now writing to disc 8e850ede-7688-5339-a07c-302acd2aaf8d
[ Info: Now writing to disc cf7118a7-6976-5b1a-9a39-7adc72f591a4
[ Info: Now writing to disc 2702e6a9-849d-5ed8-8c21-79e8b8f9ee43
[ Info: Now writing to disc 41fe7b60-77ed-43a1-b4f0-825fd5a5650d
[ Info: Now writing to disc 935fb764-8cf2-53bf-bb30-45bb1f8bf724
[ Info: Now writing to disc 4ec0a83e-493e-50e2-b9ac-8f72acf5a8f5
[ Info: Now writing to disc 0c0b7dd1-d40b-584c-a123-a41640f87eec
[ Info: Now writing to disc de0858da-6303-5e67-8744-51eddeeeb8d7
[ Info: Now writing to disc a4e569a6-e804-4fa4-b0f3-eef7a1d5b13e
[ Info: Now writing to disc 44cfe95a-1eb2-52ea-b672-e2afdf69b78f
[ Info: Now writing to disc 38a345b3-de98-5d2b-a5d3-14cd9215e700
[ Info: Now writing to disc a2af1166-a08f-5f64-846c-94a0d3cef48c
[ Info: Now writing to disc 2913bbd2-ae8a-5f71-8c99-4fb6c76f3a91
[ Info: Now writing to disc ea8e919c-243c-51af-8825-aaa63cd721ce
[ Info: Now writing to disc e1d29d7a-bbdc-5cf2-9ac0-f12de2c33e28
[ Info: Now writing to disc 8f399da3-3557-5675-b5ff-fb832c97cbdb
[ Info: Now writing to disc c7cfdc94-dc32-55de-ac96-5a1b8d977c5b
[ Info: Now writing to disc b53b4c65-9356-5827-b1ea-8c7a1a84506f
[ Info: Now writing to disc ffbed154-4ef7-542d-bbb7-c09d3a79fcae
[ Info: Now writing to disc a4ae2306-e953-59d6-aa16-d00cac43593b
[ Info: Now writing to disc 009596ad-96f7-51b1-9f1b-5ce2d5e8a71e
[ Info: Symbol server indexing took 73.126651087 seconds.
[ Info: Loading Plots from cache... (0%)
[ Info: Done loading Plots from cache... (took 0.18s) (0%)
[ Info: Loading Downloads from cache... (0%)
[ Info: Done loading Downloads from cache... (0%)
[ Info: Loading LibCURL from cache... (0%)
[ Info: Done loading LibCURL from cache... (took 0.013s) (0%)
[ Info: Loading MozillaCACerts_jll from cache... (0%)
[ Info: Done loading MozillaCACerts_jll from cache... (0%)
[ Info: Loading LibCURL_jll from cache... (0%)
[ Info: Done loading LibCURL_jll from cache... (0%)
[ Info: Loading LibSSH2_jll from cache... (0%)
[ Info: Done loading LibSSH2_jll from cache... (0%)
[ Info: Loading MbedTLS_jll from cache... (0%)
[ Info: Done loading MbedTLS_jll from cache... (0%)
[ Info: Loading Libdl from cache... (0%)
[ Info: Done loading Libdl from cache... (0%)
[ Info: Loading Artifacts from cache... (0%)
[ Info: Done loading Artifacts from cache... (0%)
[ Info: Loading nghttp2_jll from cache... (0%)
[ Info: Done loading nghttp2_jll from cache... (0%)
[ Info: Loading Zlib_jll from cache... (0%)
[ Info: Done loading Zlib_jll from cache... (0%)
[ Info: Loading NetworkOptions from cache... (0%)
[ Info: Done loading NetworkOptions from cache... (0%)
[ Info: Loading FileWatching from cache... (0%)
[ Info: Done loading FileWatching from cache... (0%)
[ Info: Loading ArgTools from cache... (0%)
[ Info: Done loading ArgTools from cache... (0%)
[ Info: Loading Pkg from cache... (0%)
[ Info: Done loading Pkg from cache... (took 0.029s) (0%)
[ Info: Loading Tar from cache... (0%)
[ Info: Done loading Tar from cache... (0%)
[ Info: Loading SHA from cache... (0%)
[ Info: Done loading SHA from cache... (0%)
[ Info: Loading Random from cache... (0%)
[ Info: Done loading Random from cache... (0%)
[ Info: Loading UUIDs from cache... (0%)
[ Info: Done loading UUIDs from cache... (0%)
[ Info: Loading LibGit2 from cache... (0%)
[ Info: Done loading LibGit2 from cache... (took 0.019s) (0%)
[ Info: Loading Base64 from cache... (0%)
[ Info: Done loading Base64 from cache... (0%)
[ Info: Loading LibGit2_jll from cache... (0%)
[ Info: Done loading LibGit2_jll from cache... (0%)
[ Info: Loading Printf from cache... (0%)
[ Info: Done loading Printf from cache... (0%)
[ Info: Loading Unicode from cache... (0%)
[ Info: Done loading Unicode from cache... (0%)
[ Info: Loading Dates from cache... (0%)
[ Info: Done loading Dates from cache... (took 0.11s) (0%)
[ Info: Loading p7zip_jll from cache... (0%)
[ Info: Done loading p7zip_jll from cache... (0%)
[ Info: Loading Logging from cache... (0%)
[ Info: Done loading Logging from cache... (0%)
[ Info: Loading Markdown from cache... (0%)
[ Info: Done loading Markdown from cache... (0%)
[ Info: Loading TOML from cache... (0%)
[ Info: Done loading TOML from cache... (0%)
[ Info: Loading Showoff from cache... (0%)
[ Info: Done loading Showoff from cache... (0%)
[ Info: Loading Grisu from cache... (0%)
[ Info: Done loading Grisu from cache... (0%)
[ Info: Loading GR from cache... (0%)
[ Info: Done loading GR from cache... (took 0.015s) (0%)
┌ Warning: Test not stored on disc
└ @ SymbolServer ~/.vscode-oss/extensions/julialang.language-julia-1.127.2-universal/scripts/packages/SymbolServer/src/SymbolServer.jl:361
┌ Warning: Qt6Wayland_jll not stored on disc
└ @ SymbolServer ~/.vscode-oss/extensions/julialang.language-julia-1.127.2-universal/scripts/packages/SymbolServer/src/SymbolServer.jl:361
[ Info: Loading Serialization from cache... (0%)
[ Info: Done loading Serialization from cache... (0%)
┌ Warning: HTTP not stored on disc
└ @ SymbolServer ~/.vscode-oss/extensions/julialang.language-julia-1.127.2-universal/scripts/packages/SymbolServer/src/SymbolServer.jl:361
┌ Warning: DelimitedFiles not stored on disc
└ @ SymbolServer ~/.vscode-oss/extensions/julialang.language-julia-1.127.2-universal/scripts/packages/SymbolServer/src/SymbolServer.jl:361
[ Info: Loading LinearAlgebra from cache... (0%)
[ Info: Done loading LinearAlgebra from cache... (took 0.15s) (0%)
[ Info: Loading libblastrampoline_jll from cache... (0%)
[ Info: Done loading libblastrampoline_jll from cache... (0%)
[ Info: Loading OpenBLAS_jll from cache... (0%)
[ Info: Done loading OpenBLAS_jll from cache... (0%)
[ Info: Loading CompilerSupportLibraries_jll from cache... (0%)
[ Info: Done loading CompilerSupportLibraries_jll from cache... (0%)
[ Info: Loading JSON from cache... (0%)
[ Info: Done loading JSON from cache... (0%)
[ Info: Loading Parsers from cache... (0%)
[ Info: Done loading Parsers from cache... (0%)
[ Info: Loading PrecompileTools from cache... (0%)
[ Info: Done loading PrecompileTools from cache... (0%)
[ Info: Loading Preferences from cache... (0%)
[ Info: Done loading Preferences from cache... (0%)
[ Info: Loading Mmap from cache... (0%)
[ Info: Done loading Mmap from cache... (0%)
[ Info: Loading GR_jll from cache... (0%)
[ Info: Done loading GR_jll from cache... (0%)
[ Info: Loading Fontconfig_jll from cache... (0%)
[ Info: Done loading Fontconfig_jll from cache... (0%)
[ Info: Loading JLLWrappers from cache... (0%)
[ Info: Done loading JLLWrappers from cache... (0%)
[ Info: Loading Bzip2_jll from cache... (0%)
[ Info: Done loading Bzip2_jll from cache... (0%)
[ Info: Loading Libuuid_jll from cache... (0%)
[ Info: Done loading Libuuid_jll from cache... (0%)
[ Info: Loading FreeType2_jll from cache... (0%)
[ Info: Done loading FreeType2_jll from cache... (0%)
[ Info: Loading Expat_jll from cache... (0%)
[ Info: Done loading Expat_jll from cache... (0%)
[ Info: Loading Pixman_jll from cache... (0%)
[ Info: Done loading Pixman_jll from cache... (0%)
┌ Warning: LLVMOpenMP_jll not stored on disc
└ @ SymbolServer ~/.vscode-oss/extensions/julialang.language-julia-1.127.2-universal/scripts/packages/SymbolServer/src/SymbolServer.jl:361
[ Info: Loading FFMPEG_jll from cache... (0%)
[ Info: Done loading FFMPEG_jll from cache... (0%)
[ Info: Loading LAME_jll from cache... (0%)
[ Info: Done loading LAME_jll from cache... (0%)
[ Info: Loading Opus_jll from cache... (0%)
[ Info: Done loading Opus_jll from cache... (0%)
[ Info: Loading FriBidi_jll from cache... (0%)
[ Info: Done loading FriBidi_jll from cache... (0%)
[ Info: Loading x264_jll from cache... (0%)
[ Info: Done loading x264_jll from cache... (0%)
[ Info: Loading libaom_jll from cache... (0%)
[ Info: Done loading libaom_jll from cache... (0%)
[ Info: Loading libvorbis_jll from cache... (0%)
[ Info: Done loading libvorbis_jll from cache... (0%)
[ Info: Loading Ogg_jll from cache... (0%)
[ Info: Done loading Ogg_jll from cache... (0%)
[ Info: Loading x265_jll from cache... (0%)
[ Info: Done loading x265_jll from cache... (0%)
[ Info: Loading libass_jll from cache... (0%)
[ Info: Done loading libass_jll from cache... (0%)
[ Info: Loading HarfBuzz_jll from cache... (0%)
[ Info: Done loading HarfBuzz_jll from cache... (0%)
[ Info: Loading Libffi_jll from cache... (0%)
[ Info: Done loading Libffi_jll from cache... (0%)
[ Info: Loading Cairo_jll from cache... (0%)
[ Info: Done loading Cairo_jll from cache... (0%)
[ Info: Loading Xorg_libXrender_jll from cache... (0%)
[ Info: Done loading Xorg_libXrender_jll from cache... (0%)
[ Info: Loading Xorg_libX11_jll from cache... (0%)
[ Info: Done loading Xorg_libX11_jll from cache... (0%)
[ Info: Loading Xorg_libxcb_jll from cache... (0%)
[ Info: Done loading Xorg_libxcb_jll from cache... (0%)
┌ Warning: XSLT_jll not stored on disc
└ @ SymbolServer ~/.vscode-oss/extensions/julialang.language-julia-1.127.2-universal/scripts/packages/SymbolServer/src/SymbolServer.jl:361
[ Info: Loading Xorg_libXau_jll from cache... (0%)
[ Info: Done loading Xorg_libXau_jll from cache... (0%)
[ Info: Loading Xorg_libpthread_stubs_jll from cache... (0%)
[ Info: Done loading Xorg_libpthread_stubs_jll from cache... (0%)
[ Info: Loading Xorg_libXdmcp_jll from cache... (0%)
[ Info: Done loading Xorg_libXdmcp_jll from cache... (0%)
[ Info: Loading Xorg_xtrans_jll from cache... (0%)
[ Info: Done loading Xorg_xtrans_jll from cache... (0%)
[ Info: Loading Glib_jll from cache... (0%)
[ Info: Done loading Glib_jll from cache... (0%)
[ Info: Loading Gettext_jll from cache... (0%)
[ Info: Done loading Gettext_jll from cache... (0%)
[ Info: Loading XML2_jll from cache... (0%)
[ Info: Done loading XML2_jll from cache... (0%)
[ Info: Loading Libiconv_jll from cache... (0%)
[ Info: Done loading Libiconv_jll from cache... (0%)
[ Info: Loading Libmount_jll from cache... (0%)
[ Info: Done loading Libmount_jll from cache... (0%)
[ Info: Loading PCRE2_jll from cache... (0%)
[ Info: Done loading PCRE2_jll from cache... (0%)
[ Info: Loading Xorg_libXext_jll from cache... (0%)
[ Info: Done loading Xorg_libXext_jll from cache... (0%)
[ Info: Loading libpng_jll from cache... (0%)
[ Info: Done loading libpng_jll from cache... (0%)
[ Info: Loading LZO_jll from cache... (0%)
[ Info: Done loading LZO_jll from cache... (0%)
[ Info: Loading Graphite2_jll from cache... (0%)
[ Info: Done loading Graphite2_jll from cache... (0%)
[ Info: Loading libfdk_aac_jll from cache... (0%)
[ Info: Done loading libfdk_aac_jll from cache... (0%)
[ Info: Loading OpenSSL_jll from cache... (0%)
[ Info: Done loading OpenSSL_jll from cache... (0%)
[ Info: Loading JpegTurbo_jll from cache... (0%)
[ Info: Done loading JpegTurbo_jll from cache... (0%)
[ Info: Loading Libtiff_jll from cache... (0%)
[ Info: Done loading Libtiff_jll from cache... (0%)
[ Info: Loading LERC_jll from cache... (0%)
[ Info: Done loading LERC_jll from cache... (0%)
[ Info: Loading XZ_jll from cache... (0%)
[ Info: Done loading XZ_jll from cache... (0%)
[ Info: Loading Zstd_jll from cache... (0%)
[ Info: Done loading Zstd_jll from cache... (0%)
[ Info: Loading GLFW_jll from cache... (0%)
[ Info: Done loading GLFW_jll from cache... (0%)
[ Info: Loading Libglvnd_jll from cache... (0%)
[ Info: Done loading Libglvnd_jll from cache... (0%)
[ Info: Loading Xorg_libXcursor_jll from cache... (0%)
[ Info: Done loading Xorg_libXcursor_jll from cache... (0%)
[ Info: Loading Xorg_libXfixes_jll from cache... (0%)
[ Info: Done loading Xorg_libXfixes_jll from cache... (0%)
[ Info: Loading Xorg_libXinerama_jll from cache... (0%)
[ Info: Done loading Xorg_libXinerama_jll from cache... (0%)
[ Info: Loading Xorg_libXrandr_jll from cache... (0%)
[ Info: Done loading Xorg_libXrandr_jll from cache... (0%)
[ Info: Loading xkbcommon_jll from cache... (0%)
[ Info: Done loading xkbcommon_jll from cache... (0%)
[ Info: Loading Xorg_xkeyboard_config_jll from cache... (0%)
[ Info: Done loading Xorg_xkeyboard_config_jll from cache... (0%)
[ Info: Loading Xorg_xkbcomp_jll from cache... (0%)
[ Info: Done loading Xorg_xkbcomp_jll from cache... (0%)
[ Info: Loading Xorg_libxkbfile_jll from cache... (0%)
[ Info: Done loading Xorg_libxkbfile_jll from cache... (0%)
[ Info: Loading Wayland_jll from cache... (0%)
[ Info: Done loading Wayland_jll from cache... (0%)
[ Info: Loading EpollShim_jll from cache... (0%)
[ Info: Done loading EpollShim_jll from cache... (0%)
[ Info: Loading Wayland_protocols_jll from cache... (0%)
[ Info: Done loading Wayland_protocols_jll from cache... (0%)
[ Info: Loading Xorg_libXi_jll from cache... (0%)
[ Info: Done loading Xorg_libXi_jll from cache... (0%)
[ Info: Loading libdecor_jll from cache... (0%)
[ Info: Done loading libdecor_jll from cache... (0%)
[ Info: Loading Pango_jll from cache... (0%)
[ Info: Done loading Pango_jll from cache... (0%)
[ Info: Loading Dbus_jll from cache... (0%)
[ Info: Done loading Dbus_jll from cache... (0%)
[ Info: Loading Qt6Base_jll from cache... (0%)
[ Info: Done loading Qt6Base_jll from cache... (0%)
[ Info: Loading Xorg_xcb_util_image_jll from cache... (0%)
[ Info: Done loading Xorg_xcb_util_image_jll from cache... (0%)
[ Info: Loading Xorg_xcb_util_jll from cache... (0%)
[ Info: Done loading Xorg_xcb_util_jll from cache... (0%)
[ Info: Loading Vulkan_Loader_jll from cache... (0%)
[ Info: Done loading Vulkan_Loader_jll from cache... (0%)
[ Info: Loading Xorg_libSM_jll from cache... (0%)
[ Info: Done loading Xorg_libSM_jll from cache... (0%)
[ Info: Loading Xorg_libICE_jll from cache... (0%)
[ Info: Done loading Xorg_libICE_jll from cache... (0%)
[ Info: Loading libinput_jll from cache... (0%)
[ Info: Done loading libinput_jll from cache... (0%)
[ Info: Loading eudev_jll from cache... (0%)
[ Info: Done loading eudev_jll from cache... (0%)
[ Info: Loading gperf_jll from cache... (0%)
[ Info: Done loading gperf_jll from cache... (0%)
[ Info: Loading libevdev_jll from cache... (0%)
[ Info: Done loading libevdev_jll from cache... (0%)
[ Info: Loading mtdev_jll from cache... (0%)
[ Info: Done loading mtdev_jll from cache... (0%)
[ Info: Loading Xorg_xcb_util_wm_jll from cache... (0%)
[ Info: Done loading Xorg_xcb_util_wm_jll from cache... (0%)
[ Info: Loading Xorg_xcb_util_renderutil_jll from cache... (0%)
[ Info: Done loading Xorg_xcb_util_renderutil_jll from cache... (0%)
[ Info: Loading Xorg_xcb_util_keysyms_jll from cache... (0%)
[ Info: Done loading Xorg_xcb_util_keysyms_jll from cache... (0%)
[ Info: Loading Xorg_xcb_util_cursor_jll from cache... (0%)
[ Info: Done loading Xorg_xcb_util_cursor_jll from cache... (0%)
[ Info: Loading Sockets from cache... (0%)
[ Info: Done loading Sockets from cache... (0%)
[ Info: Loading Statistics from cache... (0%)
[ Info: Done loading Statistics from cache... (0%)
[ Info: Loading FixedPointNumbers from cache... (0%)
[ Info: Done loading FixedPointNumbers from cache... (took 0.019s) (0%)
[ Info: Loading JLFzf from cache... (0%)
[ Info: Done loading JLFzf from cache... (0%)
[ Info: Loading REPL from cache... (0%)
[ Info: Done loading REPL from cache... (took 0.15s) (0%)
[ Info: Loading InteractiveUtils from cache... (0%)
[ Info: Done loading InteractiveUtils from cache... (0%)
[ Info: Loading StyledStrings from cache... (0%)
[ Info: Done loading StyledStrings from cache... (0%)
[ Info: Loading fzf_jll from cache... (0%)
[ Info: Done loading fzf_jll from cache... (0%)
[ Info: Loading Unzip from cache... (0%)
[ Info: Done loading Unzip from cache... (0%)
┌ Warning: UnitfulLatexify not stored on disc
└ @ SymbolServer ~/.vscode-oss/extensions/julialang.language-julia-1.127.2-universal/scripts/packages/SymbolServer/src/SymbolServer.jl:361
[ Info: Loading RecipesPipeline from cache... (0%)
[ Info: Done loading RecipesPipeline from cache... (0%)
[ Info: Loading RecipesBase from cache... (0%)
[ Info: Done loading RecipesBase from cache... (0%)
[ Info: Loading PlotUtils from cache... (0%)
[ Info: Done loading PlotUtils from cache... (0%)
[ Info: Loading ColorSchemes from cache... (0%)
[ Info: Done loading ColorSchemes from cache... (took 0.011s) (0%)
[ Info: Loading ColorTypes from cache... (0%)
[ Info: Done loading ColorTypes from cache... (took 0.015s) (0%)
[ Info: Loading ColorVectorSpace from cache... (0%)
[ Info: Done loading ColorVectorSpace from cache... (0%)
[ Info: Loading TensorCore from cache... (0%)
[ Info: Done loading TensorCore from cache... (0%)
[ Info: Loading Requires from cache... (0%)
[ Info: Done loading Requires from cache... (0%)
[ Info: Loading Colors from cache... (0%)
[ Info: Done loading Colors from cache... (0%)
[ Info: Loading Reexport from cache... (0%)
[ Info: Done loading Reexport from cache... (0%)
[ Info: Loading StableRNGs from cache... (0%)
[ Info: Done loading StableRNGs from cache... (0%)
[ Info: Loading NaNMath from cache... (0%)
[ Info: Done loading NaNMath from cache... (0%)
[ Info: Loading OpenLibm_jll from cache... (0%)
[ Info: Done loading OpenLibm_jll from cache... (0%)
[ Info: Loading LaTeXStrings from cache... (0%)
[ Info: Done loading LaTeXStrings from cache... (0%)
[ Info: Loading StatsBase from cache... (0%)
[ Info: Done loading StatsBase from cache... (took 0.019s) (0%)
[ Info: Loading AliasTables from cache... (0%)
[ Info: Done loading AliasTables from cache... (0%)
[ Info: Loading PtrArrays from cache... (0%)
[ Info: Done loading PtrArrays from cache... (0%)
[ Info: Loading LogExpFunctions from cache... (0%)
[ Info: Done loading LogExpFunctions from cache... (0%)
[ Info: Loading IrrationalConstants from cache... (0%)
[ Info: Done loading IrrationalConstants from cache... (0%)
[ Info: Loading DocStringExtensions from cache... (0%)
[ Info: Done loading DocStringExtensions from cache... (0%)
[ Info: Loading SortingAlgorithms from cache... (0%)
[ Info: Done loading SortingAlgorithms from cache... (0%)
[ Info: Loading DataStructures from cache... (0%)
[ Info: Done loading DataStructures from cache... (took 0.021s) (0%)
[ Info: Loading Compat from cache... (0%)
[ Info: Done loading Compat from cache... (0%)
[ Info: Loading OrderedCollections from cache... (0%)
[ Info: Done loading OrderedCollections from cache... (0%)
[ Info: Loading Missings from cache... (0%)
[ Info: Done loading Missings from cache... (0%)
[ Info: Loading DataAPI from cache... (0%)
[ Info: Done loading DataAPI from cache... (0%)
[ Info: Loading StatsAPI from cache... (0%)
[ Info: Done loading StatsAPI from cache... (0%)
[ Info: Loading SparseArrays from cache... (0%)
[ Info: Done loading SparseArrays from cache... (took 0.076s) (0%)
[ Info: Loading SuiteSparse_jll from cache... (0%)
[ Info: Done loading SuiteSparse_jll from cache... (0%)
[ Info: Loading RelocatableFolders from cache... (0%)
[ Info: Done loading RelocatableFolders from cache... (0%)
[ Info: Loading Scratch from cache... (0%)
[ Info: Done loading Scratch from cache... (0%)
┌ Warning: Latexify not stored on disc
└ @ SymbolServer ~/.vscode-oss/extensions/julialang.language-julia-1.127.2-universal/scripts/packages/SymbolServer/src/SymbolServer.jl:361
[ Info: Loading FFMPEG from cache... (0%)
[ Info: Done loading FFMPEG from cache... (0%)
[ Info: Loading Measures from cache... (0%)
[ Info: Done loading Measures from cache... (0%)
[ Info: Loading UnicodeFun from cache... (0%)
[ Info: Done loading UnicodeFun from cache... (0%)
[ Info: Loading PlotThemes from cache... (0%)
[ Info: Done loading PlotThemes from cache... (0%)
┌ Warning: Contour not stored on disc
└ @ SymbolServer ~/.vscode-oss/extensions/julialang.language-julia-1.127.2-universal/scripts/packages/SymbolServer/src/SymbolServer.jl:361
[ Info: Loaded all packages into cache in 1.0s (100%)
============== Startup timings ==============
       0.0 - LS startup started (0.0s since last event)
   0.09426 - connection established (0.09426s since last event)
    4.2925 - (async) listening to client events (4.1982s since last event)
    4.3651 - (async) listening to symbol server events (0.072599s since last event)
    4.3652 - starting combined listener (5.7936e-5s since last event)
    4.4827 - LSP/initialize (0.11757s since last event)
    7.8327 - LSP/initialized (3.35s since last event)
    24.282 - LSP/textDocument/didOpen (16.449s since last event)
    25.016 - LSP/textDocument/documentSymbol (0.73406s since last event)
    25.747 - LSP/textDocument/codeAction (0.73069s since last event)
    27.113 - LSP/textDocument/documentLink (1.3658s since last event)
    27.568 - LSP/textDocument/inlayHint (0.45533s since last event)
    28.301 - LSP/textDocument/documentSymbol (0.73312s since last event)
    28.301 - LSP/julia/getModuleAt (0.00022101s since last event)
    28.539 - LSP/textDocument/codeAction (0.23801s since last event)
     28.54 - LSP/$/cancelRequest (0.00022197s since last event)
    28.584 - LSP/textDocument/codeAction (0.04405s since last event)
    28.584 - LSP/$/cancelRequest (0.000211s since last event)
    75.747 - LSP/julia/getModuleAt (47.163s since last event)
    75.769 - LSP/julia/getModuleAt (0.021945s since last event)
    76.019 - LSP/textDocument/codeAction (0.24958s since last event)
    76.575 - LSP/textDocument/didChange (0.55656s since last event)
    77.965 - LSP/julia/getModuleAt (1.3892s since last event)
    77.965 - LSP/textDocument/didChange (0.00010586s since last event)
    77.966 - LSP/julia/getModuleAt (0.00086808s since last event)
    77.966 - LSP/textDocument/didChange (5.2929e-5s since last event)
    77.966 - LSP/julia/getModuleAt (0.00049901s since last event)
    77.966 - LSP/textDocument/completion (3.8147e-5s since last event)
    81.393 - LSP/textDocument/documentSymbol (3.4264s since last event)
    81.393 - LSP/$/cancelRequest (0.00018597s since last event)
    81.393 - LSP/textDocument/documentHighlight (1.5974e-5s since last event)
    81.542 - LSP/textDocument/didChange (0.1495s since last event)
    81.543 - LSP/$/cancelRequest (0.00096607s since last event)
    81.543 - LSP/julia/getModuleAt (3.5048e-5s since last event)
    81.543 - LSP/textDocument/documentHighlight (4.7922e-5s since last event)
    81.543 - LSP/textDocument/didChange (3.5048e-5s since last event)
    81.544 - LSP/$/cancelRequest (0.0004859s since last event)
    81.544 - LSP/julia/getModuleAt (1.6928e-5s since last event)
    81.544 - LSP/textDocument/documentHighlight (2.5034e-5s since last event)
    81.544 - LSP/textDocument/didChange (2.0027e-5s since last event)
    81.544 - LSP/$/cancelRequest (0.00040412s since last event)
    81.544 - LSP/julia/getModuleAt (1.3828e-5s since last event)
    81.544 - LSP/textDocument/documentHighlight (2.3127e-5s since last event)
    81.544 - LSP/textDocument/codeAction (1.6928e-5s since last event)
    81.544 - LSP/textDocument/documentSymbol (3.6001e-5s since last event)
    81.544 - LSP/$/cancelRequest (7.6056e-5s since last event)
    81.544 - LSP/textDocument/completion (6.9141e-6s since last event)
    81.575 - LSP/textDocument/inlayHint (0.03071s since last event)
    81.575 - LSP/$/cancelRequest (0.00011301s since last event)
    81.575 - LSP/textDocument/inlayHint (1.3113e-5s since last event)
    81.575 - LSP/textDocument/documentLink (1.4067e-5s since last event)
    83.031 - LSP/textDocument/didChange (1.4559s since last event)
    83.033 - LSP/textDocument/completion (0.0019791s since last event)
    83.043 - LSP/julia/getModuleAt (0.0095201s since last event)
    83.098 - LSP/textDocument/didChange (0.055306s since last event)
    83.101 - LSP/textDocument/completion (0.0024819s since last event)
     83.11 - LSP/julia/getModuleAt (0.0092349s since last event)
    83.171 - LSP/textDocument/documentHighlight (0.061017s since last event)
    83.351 - LSP/textDocument/codeAction (0.18041s since last event)
    83.451 - LSP/textDocument/documentSymbol (0.099619s since last event)
    83.726 - LSP/textDocument/inlayHint (0.27525s since last event)
    83.901 - LSP/textDocument/inlayHint (0.17506s since last event)
    87.151 - LSP/textDocument/documentLink (3.2502s since last event)
    89.769 - LSP/textDocument/didChange (2.6176s since last event)
    89.772 - LSP/textDocument/completion (0.003093s since last event)
     89.78 - LSP/julia/getModuleAt (0.0083232s since last event)
    89.843 - LSP/textDocument/documentHighlight (0.062592s since last event)
     90.01 - LSP/textDocument/didChange (0.16716s since last event)
    90.012 - LSP/textDocument/completion (0.002111s since last event)
     90.02 - LSP/julia/getModuleAt (0.0081739s since last event)
    90.077 - LSP/textDocument/documentHighlight (0.056252s since last event)
    90.189 - LSP/textDocument/didChange (0.11284s since last event)
    90.192 - LSP/textDocument/completion (0.0024679s since last event)
    90.198 - LSP/julia/getModuleAt (0.0060489s since last event)
    90.248 - LSP/textDocument/documentHighlight (0.049935s since last event)
    90.381 - LSP/textDocument/didChange (0.13317s since last event)
    90.384 - LSP/textDocument/completion (0.0028579s since last event)
    90.392 - LSP/julia/getModuleAt (0.0080619s since last event)
     90.46 - LSP/textDocument/documentHighlight (0.06781s since last event)
    90.635 - LSP/textDocument/codeAction (0.17475s since last event)
     90.72 - LSP/textDocument/didChange (0.084992s since last event)
    90.723 - LSP/textDocument/completion (0.003665s since last event)
    90.797 - LSP/julia/getModuleAt (0.074039s since last event)
    90.797 - LSP/textDocument/documentSymbol (0.00022793s since last event)
    90.798 - LSP/$/cancelRequest (0.00016093s since last event)
    90.798 - LSP/textDocument/documentHighlight (2.0981e-5s since last event)
    90.975 - LSP/textDocument/codeAction (0.1776s since last event)
    91.076 - LSP/textDocument/documentSymbol (0.10086s since last event)
    91.348 - LSP/textDocument/inlayHint (0.27235s since last event)
    91.523 - LSP/textDocument/inlayHint (0.17474s since last event)
    93.803 - LSP/textDocument/didChange (2.2796s since last event)
    93.807 - LSP/textDocument/completion (0.0046201s since last event)
    93.818 - LSP/julia/getModuleAt (0.01008s since last event)
    93.888 - LSP/textDocument/documentHighlight (0.070299s since last event)
    93.951 - LSP/textDocument/didChange (0.06321s since last event)
    93.953 - LSP/textDocument/completion (0.0022099s since last event)
    93.962 - LSP/julia/getModuleAt (0.0084879s since last event)
    94.028 - LSP/textDocument/documentHighlight (0.066366s since last event)
    94.104 - LSP/textDocument/didChange (0.076277s since last event)
    94.107 - LSP/textDocument/completion (0.0026221s since last event)
    94.115 - LSP/julia/getModuleAt (0.0078571s since last event)
    94.176 - LSP/textDocument/documentHighlight (0.061245s since last event)
    94.336 - LSP/textDocument/didChange (0.15956s since last event)
    94.338 - LSP/textDocument/completion (0.0021811s since last event)
    94.346 - LSP/julia/getModuleAt (0.0079489s since last event)
    94.406 - LSP/textDocument/documentHighlight (0.060164s since last event)
    94.589 - LSP/textDocument/codeAction (0.18343s since last event)
    94.688 - LSP/textDocument/documentSymbol (0.098698s since last event)
    94.963 - LSP/textDocument/inlayHint (0.27509s since last event)
    95.139 - LSP/textDocument/inlayHint (0.17613s since last event)
    96.887 - LSP/textDocument/didChange (1.7479s since last event)
     96.89 - LSP/textDocument/completion (0.002629s since last event)
    96.897 - LSP/julia/getModuleAt (0.0071659s since last event)
    96.942 - LSP/textDocument/inlayHint (0.044411s since last event)
     96.96 - LSP/textDocument/documentHighlight (0.018631s since last event)
    97.081 - LSP/textDocument/didChange (0.12068s since last event)
    97.083 - LSP/textDocument/completion (0.001863s since last event)
    97.088 - LSP/julia/getModuleAt (0.0057771s since last event)
    97.111 - LSP/textDocument/inlayHint (0.022507s since last event)
    97.148 - LSP/textDocument/documentHighlight (0.037432s since last event)
    97.235 - LSP/textDocument/didChange (0.08613s since last event)
    97.237 - LSP/textDocument/completion (0.002368s since last event)
    97.244 - LSP/julia/getModuleAt (0.0068402s since last event)
    97.286 - LSP/textDocument/inlayHint (0.041974s since last event)
    97.303 - LSP/textDocument/documentHighlight (0.017231s since last event)
    97.488 - LSP/textDocument/codeAction (0.18537s since last event)
    97.587 - LSP/textDocument/documentSymbol (0.098914s since last event)
    98.048 - LSP/textDocument/inlayHint (0.46083s since last event)
    99.264 - LSP/textDocument/didChange (1.2155s since last event)
    99.266 - LSP/textDocument/completion (0.0024831s since last event)
    99.272 - LSP/julia/getModuleAt (0.0058119s since last event)
    99.362 - LSP/textDocument/inlayHint (0.090105s since last event)
    99.363 - LSP/textDocument/documentHighlight (0.001543s since last event)
    99.516 - LSP/textDocument/codeAction (0.15266s since last event)
    99.664 - LSP/textDocument/documentSymbol (0.14792s since last event)
    100.07 - LSP/textDocument/inlayHint (0.40295s since last event)
    103.27 - LSP/textDocument/documentLink (3.1988s since last event)
     105.4 - LSP/textDocument/didChange (2.132s since last event)
     105.4 - LSP/julia/getModuleAt (0.0038509s since last event)
    105.43 - LSP/textDocument/inlayHint (0.025538s since last event)
    105.75 - LSP/textDocument/documentSymbol (0.32254s since last event)
    105.85 - LSP/textDocument/didChange (0.10401s since last event)
    105.86 - LSP/julia/getModuleAt (0.0026581s since last event)
    105.87 - LSP/textDocument/completion (0.013102s since last event)
     105.9 - LSP/textDocument/inlayHint (0.028366s since last event)
    105.93 - LSP/textDocument/documentHighlight (0.035199s since last event)
    105.98 - LSP/textDocument/didChange (0.04802s since last event)
    105.98 - LSP/textDocument/completion (0.0023389s since last event)
    105.99 - LSP/julia/getModuleAt (0.0056591s since last event)
    106.04 - LSP/textDocument/inlayHint (0.048622s since last event)
    106.04 - LSP/textDocument/documentHighlight (0.0037241s since last event)
    106.13 - LSP/textDocument/didChange (0.089422s since last event)
    106.13 - LSP/textDocument/completion (0.0020571s since last event)
    106.14 - LSP/julia/getModuleAt (0.007009s since last event)
    106.16 - LSP/textDocument/inlayHint (0.02446s since last event)
    106.19 - LSP/textDocument/documentHighlight (0.022961s since last event)
    106.28 - LSP/textDocument/didChange (0.093076s since last event)
    106.28 - LSP/julia/getModuleAt (0.0021429s since last event)
     106.3 - LSP/textDocument/completion (0.019191s since last event)
    106.31 - LSP/textDocument/inlayHint (0.0086191s since last event)
    106.34 - LSP/textDocument/documentHighlight (0.025537s since last event)
    106.47 - LSP/textDocument/didChange (0.13028s since last event)
    106.47 - LSP/julia/getModuleAt (0.004652s since last event)
     106.5 - LSP/textDocument/inlayHint (0.028914s since last event)
    106.54 - LSP/textDocument/documentHighlight (0.041147s since last event)
    106.65 - LSP/textDocument/didChange (0.1054s since last event)
    106.65 - LSP/julia/getModuleAt (0.002491s since last event)
    106.67 - LSP/textDocument/inlayHint (0.026088s since last event)
     106.7 - LSP/textDocument/documentHighlight (0.028012s since last event)
    106.78 - LSP/textDocument/didChange (0.079974s since last event)
    106.79 - LSP/julia/getModuleAt (0.0034339s since last event)
    106.81 - LSP/textDocument/inlayHint (0.024604s since last event)
    106.86 - LSP/textDocument/documentHighlight (0.044894s since last event)
    107.04 - LSP/textDocument/codeAction (0.18118s since last event)
    107.14 - LSP/textDocument/documentSymbol (0.098255s since last event)
    107.35 - LSP/textDocument/didChange (0.21342s since last event)
    107.35 - LSP/julia/getModuleAt (0.003005s since last event)
    107.38 - LSP/textDocument/inlayHint (0.025738s since last event)
    107.43 - LSP/textDocument/documentHighlight (0.049157s since last event)
    107.54 - LSP/textDocument/didChange (0.10952s since last event)
    107.54 - LSP/julia/getModuleAt (0.004462s since last event)
    107.57 - LSP/textDocument/inlayHint (0.031118s since last event)
    107.62 - LSP/textDocument/documentHighlight (0.048857s since last event)
     107.7 - LSP/textDocument/didChange (0.079973s since last event)
    107.71 - LSP/julia/getModuleAt (0.0045731s since last event)
    107.74 - LSP/textDocument/inlayHint (0.032206s since last event)
    107.79 - LSP/textDocument/documentHighlight (0.048528s since last event)
    107.87 - LSP/textDocument/didChange (0.082314s since last event)
    107.87 - LSP/textDocument/completion (0.0035839s since last event)
    107.88 - LSP/julia/getModuleAt (0.007829s since last event)
     107.9 - LSP/textDocument/inlayHint (0.019119s since last event)
    107.94 - LSP/textDocument/documentHighlight (0.046188s since last event)
    108.03 - LSP/textDocument/didChange (0.083351s since last event)
    108.03 - LSP/textDocument/completion (0.0020721s since last event)
    108.04 - LSP/julia/getModuleAt (0.005317s since last event)
    108.08 - LSP/textDocument/inlayHint (0.047029s since last event)
    108.09 - LSP/textDocument/documentHighlight (0.0081949s since last event)
    108.19 - LSP/textDocument/didChange (0.098066s since last event)
    108.19 - LSP/textDocument/completion (0.0029769s since last event)
     108.2 - LSP/julia/getModuleAt (0.010272s since last event)
    108.25 - LSP/textDocument/inlayHint (0.045461s since last event)
    108.29 - LSP/textDocument/documentHighlight (0.037901s since last event)
    108.36 - LSP/textDocument/didChange (0.07126s since last event)
    108.36 - LSP/julia/getModuleAt (0.0055509s since last event)
    108.39 - LSP/textDocument/inlayHint (0.02402s since last event)
    108.71 - LSP/textDocument/documentSymbol (0.32265s since last event)
    108.95 - LSP/textDocument/didChange (0.23674s since last event)
    108.95 - LSP/julia/getModuleAt (0.0021091s since last event)
    108.97 - LSP/textDocument/inlayHint (0.025673s since last event)
     109.3 - LSP/textDocument/documentSymbol (0.32512s since last event)
    109.75 - LSP/textDocument/inlayHint (0.45044s since last event)
    109.94 - LSP/textDocument/didChange (0.19438s since last event)
    109.95 - LSP/julia/getModuleAt (0.0016561s since last event)
    109.97 - LSP/textDocument/inlayHint (0.026152s since last event)
     110.2 - LSP/textDocument/codeAction (0.22513s since last event)
     110.3 - LSP/textDocument/documentSymbol (0.10015s since last event)
    110.75 - LSP/textDocument/inlayHint (0.4494s since last event)
    113.95 - LSP/textDocument/documentLink (3.2016s since last event)
    116.51 - LSP/textDocument/didOpen (2.5633s since last event)
    116.58 - LSP/julia/getModuleAt (0.064692s since last event)
    116.58 - LSP/textDocument/codeAction (0.0027251s since last event)
    116.61 - LSP/textDocument/documentSymbol (0.029135s since last event)
    116.62 - LSP/textDocument/inlayHint (0.016106s since last event)
    116.62 - LSP/textDocument/documentLink (0.00029206s since last event)
    116.85 - LSP/textDocument/documentSymbol (0.22487s since last event)
    266.56 - symbols received (149.71s since last event)
    266.57 - extended methods computed (0.006135s since last event)
    266.57 - project deps computed (4.7922e-5s since last event)
    266.57 - env map computed (1.0967e-5s since last event)
     266.6 - initial lint done (0.037991s since last event)
=============================================

