2025-04-12 01:20:01.112 [info] Extension host with pid 87814 started
2025-04-12 01:20:01.112 [info] Skipping acquiring lock for /home/lua/.config/VSCodium/User/workspaceStorage/b4b4f2761d682c9bcfa0ffbdb3bb0d7c.
2025-04-12 01:20:01.275 [info] ExtensionService#_doActivateExtension vscode.emmet, startup: false, activationEvent: 'onLanguage'
2025-04-12 01:20:01.322 [info] ExtensionService#_doActivateExtension julialang.language-julia, startup: false, activationEvent: 'onLanguage:julia'
2025-04-12 01:20:02.689 [info] ExtensionService#_doActivateExtension vscode.git-base, startup: true, activationEvent: '*', root cause: vscode.git
2025-04-12 01:20:02.781 [info] ExtensionService#_doActivateExtension vscode.configuration-editing, startup: false, activationEvent: 'onLanguage:jsonc'
2025-04-12 01:20:02.811 [info] ExtensionService#_doActivateExtension vscode.json-language-features, startup: false, activationEvent: 'onLanguage:jsonc'
2025-04-12 01:20:02.963 [info] ExtensionService#_doActivateExtension vscode.typescript-language-features, startup: false, activationEvent: 'onLanguage:jsonc'
2025-04-12 01:20:03.095 [info] ExtensionService#_doActivateExtension vscode.git, startup: true, activationEvent: '*'
2025-04-12 01:20:03.194 [info] ExtensionService#_doActivateExtension vscode.github, startup: true, activationEvent: '*'
2025-04-12 01:20:03.292 [info] Eager extensions activated
2025-04-12 01:20:03.334 [info] ExtensionService#_doActivateExtension vscode.debug-auto-launch, startup: false, activationEvent: 'onStartupFinished'
2025-04-12 01:20:03.338 [info] ExtensionService#_doActivateExtension vscode.merge-conflict, startup: false, activationEvent: 'onStartupFinished'
2025-04-12 01:20:03.366 [info] ExtensionService#_doActivateExtension vadimcn.vscode-lldb, startup: false, activationEvent: 'onStartupFinished', root cause: franneck94.vscode-c-cpp-config
2025-04-12 01:20:03.387 [info] ExtensionService#_doActivateExtension vscodevim.vim, startup: false, activationEvent: 'onStartupFinished'
2025-04-12 01:20:03.604 [info] ExtensionService#_doActivateExtension franneck94.vscode-c-cpp-config, startup: false, activationEvent: 'onStartupFinished'
2025-04-12 01:20:03.780 [error] TypeError: Cannot read properties of undefined (reading 'getVersion')
    at t.JuliaNotebookFeature.<anonymous> (/home/lua/.vscode-oss/extensions/julialang.language-julia-1.127.2-universal/src/notebook/notebookFeature.ts:128:38)
    at Generator.next (<anonymous>)
    at s (/home/lua/.vscode-oss/extensions/julialang.language-julia-1.127.2-universal/src/juliaexepath.ts:360:5)
    at processTicksAndRejections (node:internal/process/task_queues:95:5)
2025-04-12 01:20:04.063 [error] TypeError: Cannot read properties of undefined (reading 'file')
    at /home/lua/.vscode-oss/extensions/julialang.language-julia-1.127.2-universal/src/jlpkgenv.ts:207:29
    at Generator.next (<anonymous>)
    at s (/home/lua/.vscode-oss/extensions/julialang.language-julia-1.127.2-universal/src/interactive/workspace.ts:282:1)
    at processTicksAndRejections (node:internal/process/task_queues:95:5)
2025-04-12 01:22:25.352 [info] Extension host terminating: renderer closed the MessagePort
2025-04-12 01:22:25.385 [error] Canceled: Canceled
    at ql (file:///usr/share/vscodium/resources/app/out/vs/workbench/api/node/extensionHostProcess.js:7:1368)
    at file:///usr/share/vscodium/resources/app/out/vs/workbench/api/node/extensionHostProcess.js:29:120764
    at Array.forEach (<anonymous>)
    at ib.dispose (file:///usr/share/vscodium/resources/app/out/vs/workbench/api/node/extensionHostProcess.js:29:120670)
    at vq.terminate (file:///usr/share/vscodium/resources/app/out/vs/workbench/api/node/extensionHostProcess.js:115:12333)
    at o9.terminate (file:///usr/share/vscodium/resources/app/out/vs/workbench/api/node/extensionHostProcess.js:116:1602)
    at ts (file:///usr/share/vscodium/resources/app/out/vs/workbench/api/node/extensionHostProcess.js:197:5828)
    at MessagePortMain.<anonymous> (file:///usr/share/vscodium/resources/app/out/vs/workbench/api/node/extensionHostProcess.js:197:2284)
    at MessagePortMain.emit (node:events:518:28)
    at Object.MessagePortMain._internalPort.emit (node:electron/js2c/utility_init:2:2949) setContext undefined
2025-04-12 01:22:25.386 [error] Error: Client is not running and can't be stopped. It's current state is: starting
    at w.shutdown (/home/lua/.vscode-oss/extensions/julialang.language-julia-1.127.2-universal/node_modules/vscode-languageclient/lib/common/client.js:964:19)
    at w.stop (/home/lua/.vscode-oss/extensions/julialang.language-julia-1.127.2-universal/node_modules/vscode-languageclient/lib/common/client.js:935:21)
    at w.stop (/home/lua/.vscode-oss/extensions/julialang.language-julia-1.127.2-universal/node_modules/vscode-languageclient/lib/node/main.js:150:22)
    at Object.t.deactivate (/home/lua/.vscode-oss/extensions/julialang.language-julia-1.127.2-universal/src/extension.ts:175:40)
    at vq._deactivate (file:///usr/share/vscodium/resources/app/out/vs/workbench/api/node/extensionHostProcess.js:115:14504)
    at file:///usr/share/vscodium/resources/app/out/vs/workbench/api/node/extensionHostProcess.js:115:12015
    at Array.map (<anonymous>)
    at vq._deactivateAll (file:///usr/share/vscodium/resources/app/out/vs/workbench/api/node/extensionHostProcess.js:115:12003)
    at vq.terminate (file:///usr/share/vscodium/resources/app/out/vs/workbench/api/node/extensionHostProcess.js:115:12356)
    at o9.terminate (file:///usr/share/vscodium/resources/app/out/vs/workbench/api/node/extensionHostProcess.js:116:1602)
    at ts (file:///usr/share/vscodium/resources/app/out/vs/workbench/api/node/extensionHostProcess.js:197:5828)
    at MessagePortMain.<anonymous> (file:///usr/share/vscodium/resources/app/out/vs/workbench/api/node/extensionHostProcess.js:197:2284)
    at MessagePortMain.emit (node:events:518:28)
    at Object.MessagePortMain._internalPort.emit (node:electron/js2c/utility_init:2:2949)
2025-04-12 01:22:25.390 [info] Extension host with pid 87814 exiting with code 0
