2025-03-06 09:46:01.887 [warning] Via 'product.json#extensionEnabledApiProposals' extension 'ms-vscode.vscode-selfhost-test-provider' wants API proposal 'attributableCoverage' but that proposal DOES NOT EXIST. Likely, the proposal has been finalized (check 'vscode.d.ts') or was abandoned.
2025-03-06 09:46:01.888 [warning] Via 'product.json#extensionEnabledApiProposals' extension 'ms-python.python' wants API proposal 'contribIssueReporter' but that proposal DOES NOT EXIST. Likely, the proposal has been finalized (check 'vscode.d.ts') or was abandoned.
2025-03-06 09:46:01.888 [warning] Via 'product.json#extensionEnabledApiProposals' extension 'ms-python.debugpy' wants API proposal 'contribIssueReporter' but that proposal DOES NOT EXIST. Likely, the proposal has been finalized (check 'vscode.d.ts') or was abandoned.
2025-03-06 09:46:01.888 [warning] Via 'product.json#extensionEnabledApiProposals' extension 'redhat.java' wants API proposal 'documentPaste' but that proposal DOES NOT EXIST. Likely, the proposal has been finalized (check 'vscode.d.ts') or was abandoned.
2025-03-06 09:46:02.390 [info] Started local extension host with pid 31529.
2025-03-06 09:46:03.646 [info] Ignoring configured affinity for 'asvetliakov.vscode-neovim' because extension host(s) are already running. Reload window.
2025-03-06 09:46:05.145 [info] [perf] Render performance baseline is 41ms
2025-03-06 09:46:07.723 [info] Ignoring configured affinity for 'asvetliakov.vscode-neovim' because extension host(s) are already running. Reload window.
2025-03-06 09:49:36.674 [error] Failed: Server returned 502
    at s$e.queryRawGalleryExtensions (vscode-file://vscode-app/usr/share/vscodium/resources/app/out/vs/workbench/workbench.desktop.main.js:1306:59708)
    at async s$e.queryGalleryExtensions (vscode-file://vscode-app/usr/share/vscodium/resources/app/out/vs/workbench/workbench.desktop.main.js:1306:56066)
    at async r (vscode-file://vscode-app/usr/share/vscodium/resources/app/out/vs/workbench/workbench.desktop.main.js:1306:54963)
    at async s$e.query (vscode-file://vscode-app/usr/share/vscodium/resources/app/out/vs/workbench/workbench.desktop.main.js:1306:55296)
    at async Tit.queryGallery (vscode-file://vscode-app/usr/share/vscodium/resources/app/out/vs/workbench/workbench.desktop.main.js:2469:20154)
    at async sAs.queryGallery (vscode-file://vscode-app/usr/share/vscodium/resources/app/out/vs/workbench/workbench.desktop.main.js:2261:25823)
    at async sAs.query (vscode-file://vscode-app/usr/share/vscodium/resources/app/out/vs/workbench/workbench.desktop.main.js:2261:16623)
    at async vscode-file://vscode-app/usr/share/vscodium/resources/app/out/vs/workbench/workbench.desktop.main.js:2261:14666
2025-03-06 09:50:25.878 [info] Ignoring configured affinity for 'asvetliakov.vscode-neovim' because extension host(s) are already running. Reload window.
2025-03-06 09:50:29.470 [error] Server returned 502: Failed: Server returned 502
    at s$e.queryRawGalleryExtensions (vscode-file://vscode-app/usr/share/vscodium/resources/app/out/vs/workbench/workbench.desktop.main.js:1306:59708)
    at async s$e.queryGalleryExtensions (vscode-file://vscode-app/usr/share/vscodium/resources/app/out/vs/workbench/workbench.desktop.main.js:1306:56066)
    at async s$e.doGetExtensions (vscode-file://vscode-app/usr/share/vscodium/resources/app/out/vs/workbench/workbench.desktop.main.js:1306:51242)
    at async s$e.getExtensions (vscode-file://vscode-app/usr/share/vscodium/resources/app/out/vs/workbench/workbench.desktop.main.js:1306:50351)
    at async Tit.getExtensions (vscode-file://vscode-app/usr/share/vscodium/resources/app/out/vs/workbench/workbench.desktop.main.js:2469:20687)
    at async Ooi (vscode-file://vscode-app/usr/share/vscodium/resources/app/out/vs/workbench/workbench.desktop.main.js:2261:51018)
    at async Z2.renderExtensionPack (vscode-file://vscode-app/usr/share/vscodium/resources/app/out/vs/workbench/workbench.desktop.main.js:2461:3606)
    at async Promise.all (index 0)
    at async Z2.openExtensionPackReadme (vscode-file://vscode-app/usr/share/vscodium/resources/app/out/vs/workbench/workbench.desktop.main.js:2461:1364)
    at async Z2.openDetails (vscode-file://vscode-app/usr/share/vscodium/resources/app/out/vs/workbench/workbench.desktop.main.js:2461:430)
2025-03-06 09:51:26.431 [info] Ignoring configured affinity for 'asvetliakov.vscode-neovim' because extension host(s) are already running. Reload window.
2025-03-06 09:51:43.454 [info] Ignoring configured affinity for 'asvetliakov.vscode-neovim' because extension host(s) are already running. Reload window.
2025-03-06 09:51:43.600 [info] Started local extension host with pid 33255.
2025-03-06 09:52:02.311 [info] Ignoring configured affinity for 'asvetliakov.vscode-neovim' because extension host(s) are already running. Reload window.
2025-03-06 09:52:03.159 [error] [Extension Host] Can't glibc version from ldd --version output: ldd (GNU libc) 2.41
2025-03-06 09:52:12.187 [error] [Extension Host] Can't glibc version from ldd --version output: ldd (GNU libc) 2.41
