2025-04-12 01:22:34.603 [info] [main] Log level: Info
2025-04-12 01:22:34.603 [info] [main] Validating found git in: "git"
2025-04-12 01:22:34.603 [info] [main] Using git "2.49.0" from "git"
2025-04-12 01:22:34.603 [info] [Model][doInitialScan] Initial repository scan started
2025-04-12 01:22:34.603 [info] > git rev-parse --show-toplevel [18ms]
2025-04-12 01:22:34.603 [info] fatal: not a git repository (or any parent up to mount point /)
Stopping at filesystem boundary (GIT_DISCOVERY_ACROSS_FILESYSTEM not set).
2025-04-12 01:22:34.603 [info] > git rev-parse --show-toplevel [118ms]
2025-04-12 01:22:34.603 [info] fatal: not a git repository (or any parent up to mount point /)
Stopping at filesystem boundary (GIT_DISCOVERY_ACROSS_FILESYSTEM not set).
2025-04-12 01:22:34.606 [info] > git rev-parse --show-toplevel [5ms]
2025-04-12 01:22:34.607 [info] fatal: not a git repository (or any parent up to mount point /)
Stopping at filesystem boundary (GIT_DISCOVERY_ACROSS_FILESYSTEM not set).
2025-04-12 01:22:34.607 [info] [Model][doInitialScan] Initial repository scan completed - repositories (0), closed repositories (0), parent repositories (0), unsafe repositories (0)
2025-04-12 01:22:46.368 [info] > git rev-parse --show-toplevel [3ms]
2025-04-12 01:22:46.368 [info] fatal: not a git repository (or any parent up to mount point /)
Stopping at filesystem boundary (GIT_DISCOVERY_ACROSS_FILESYSTEM not set).
2025-04-12 01:22:46.396 [info] > git rev-parse --show-toplevel [2ms]
2025-04-12 01:22:46.396 [info] fatal: not a git repository (or any parent up to mount point /)
Stopping at filesystem boundary (GIT_DISCOVERY_ACROSS_FILESYSTEM not set).
