2025-03-06 09:46:08.114 [info] [main] Log level: Info
2025-03-06 09:46:08.114 [info] [main] Validating found git in: "git"
2025-03-06 09:46:08.114 [info] [main] Using git "2.48.1" from "git"
2025-03-06 09:46:08.114 [info] [Model][doInitialScan] Initial repository scan started
2025-03-06 09:46:08.114 [info] > git rev-parse --show-toplevel [12ms]
2025-03-06 09:46:08.114 [info] fatal: not a git repository (or any parent up to mount point /)
Stopping at filesystem boundary (GIT_DISCOVERY_ACROSS_FILESYSTEM not set).
2025-03-06 09:46:08.114 [info] [Model][doInitialScan] Initial repository scan completed - repositories (0), closed repositories (0), parent repositories (0), unsafe repositories (0)
2025-03-06 09:46:13.168 [info] > git rev-parse --show-toplevel [2ms]
2025-03-06 09:46:13.168 [info] fatal: not a git repository (or any parent up to mount point /)
Stopping at filesystem boundary (GIT_DISCOVERY_ACROSS_FILESYSTEM not set).
2025-03-06 09:46:39.885 [info] > git rev-parse --show-toplevel [4ms]
2025-03-06 09:46:39.885 [info] fatal: not a git repository (or any parent up to mount point /)
Stopping at filesystem boundary (GIT_DISCOVERY_ACROSS_FILESYSTEM not set).
2025-03-06 09:48:36.823 [info] > git rev-parse --show-toplevel [2ms]
2025-03-06 09:48:36.823 [info] fatal: not a git repository (or any parent up to mount point /)
Stopping at filesystem boundary (GIT_DISCOVERY_ACROSS_FILESYSTEM not set).
2025-03-06 09:51:26.418 [info] > git rev-parse --show-toplevel [3ms]
2025-03-06 09:51:26.418 [info] fatal: not a git repository (or any parent up to mount point /)
Stopping at filesystem boundary (GIT_DISCOVERY_ACROSS_FILESYSTEM not set).
2025-03-06 09:51:27.164 [info] > git rev-parse --show-toplevel [5ms]
2025-03-06 09:51:27.165 [info] fatal: not a git repository (or any parent up to mount point /)
Stopping at filesystem boundary (GIT_DISCOVERY_ACROSS_FILESYSTEM not set).
2025-03-06 09:51:27.267 [info] > git rev-parse --show-toplevel [4ms]
2025-03-06 09:51:27.267 [info] fatal: not a git repository (or any parent up to mount point /)
Stopping at filesystem boundary (GIT_DISCOVERY_ACROSS_FILESYSTEM not set).
2025-03-06 09:51:46.122 [info] [main] Log level: Info
2025-03-06 09:51:46.122 [info] [main] Validating found git in: "git"
2025-03-06 09:51:46.122 [info] [main] Using git "2.48.1" from "git"
2025-03-06 09:51:46.122 [info] [Model][doInitialScan] Initial repository scan started
2025-03-06 09:51:46.122 [info] > git rev-parse --show-toplevel [21ms]
2025-03-06 09:51:46.122 [info] fatal: not a git repository (or any parent up to mount point /)
Stopping at filesystem boundary (GIT_DISCOVERY_ACROSS_FILESYSTEM not set).
2025-03-06 09:51:46.144 [info] > git rev-parse --show-toplevel [12ms]
2025-03-06 09:51:46.144 [info] fatal: not a git repository (or any parent up to mount point /)
Stopping at filesystem boundary (GIT_DISCOVERY_ACROSS_FILESYSTEM not set).
2025-03-06 09:51:46.160 [info] > git rev-parse --show-toplevel [3ms]
2025-03-06 09:51:46.160 [info] fatal: not a git repository (or any parent up to mount point /)
Stopping at filesystem boundary (GIT_DISCOVERY_ACROSS_FILESYSTEM not set).
2025-03-06 09:51:46.161 [info] [Model][doInitialScan] Initial repository scan completed - repositories (0), closed repositories (0), parent repositories (0), unsafe repositories (0)
2025-03-06 09:51:48.411 [info] > git rev-parse --show-toplevel [2ms]
2025-03-06 09:51:48.411 [info] fatal: not a git repository (or any parent up to mount point /)
Stopping at filesystem boundary (GIT_DISCOVERY_ACROSS_FILESYSTEM not set).
2025-03-06 09:52:02.323 [info] > git rev-parse --show-toplevel [10ms]
2025-03-06 09:52:02.323 [info] fatal: not a git repository (or any parent up to mount point /)
Stopping at filesystem boundary (GIT_DISCOVERY_ACROSS_FILESYSTEM not set).
