2025-04-12 01:23:16.576 [info] tasks closed
2025-04-12 01:26:43.078 [info] Executing :w
2025-04-12 01:26:44.729 [info] Executing :_
2025-04-12 01:26:48.566 [info] Executing :w
2025-04-12 01:26:55.452 [info] Executing :w
2025-04-12 01:26:59.627 [info] Executing :w
2025-04-12 01:27:20.486 [info] Executing :w
2025-04-12 01:27:22.770 [info] Executing :w
2025-04-12 01:27:31.022 [info] Executing :w
2025-04-12 01:27:42.532 [info] Executing :w
2025-04-12 01:28:25.642 [info] Executing :w
2025-04-12 01:28:37.928 [info] Executing :w
2025-04-12 01:28:41.173 [info] extension-output-julialang.language-julia-#4-Julia Language Server closed
2025-04-12 01:35:13.135 [info] Executing :w
2025-04-12 01:35:28.863 [info] Executing :w
2025-04-12 01:35:37.412 [info] Executing :w
2025-04-12 01:35:51.724 [info] Executing :w
2025-04-12 01:39:52.964 [info] Executing :w
2025-04-12 01:39:54.829 [info] Executing :wa
2025-04-12 01:40:22.362 [info] Executing :w
2025-04-12 01:40:38.529 [info] Executing :w
2025-04-12 01:50:21.018 [info] Executing :wa
2025-04-12 01:51:52.413 [info] Executing :w
2025-04-12 01:52:08.745 [info] Executing :w
2025-04-12 01:52:38.997 [info] Executing :w
2025-04-12 01:53:14.664 [info] Executing :w
2025-04-12 01:53:23.553 [info] Executing :w
2025-04-12 01:54:28.072 [info] Executing :w
2025-04-12 01:54:39.675 [info] Executing :w
2025-04-12 01:54:43.413 [info] Executing :w
2025-04-12 01:54:55.690 [info] Executing :w
2025-04-12 01:55:04.425 [info] Executing :w
2025-04-12 01:55:40.718 [info] Executing :w
2025-04-12 01:55:49.281 [info] Executing :w
2025-04-12 01:57:15.841 [info] Executing :w
2025-04-12 01:58:00.886 [info] Executing :w
2025-04-12 01:58:23.354 [info] Executing :w
2025-04-12 01:58:32.998 [info] Executing :w
2025-04-12 01:58:57.523 [info] Executing :w
2025-04-12 01:59:13.163 [info] Executing :w
2025-04-12 01:59:54.972 [info] Active editor: file:///home/lua/source/julia-repos/math/trigonometric-functions.jl
2025-04-12 01:59:55.869 [info] Active editor: file:///home/lua/source/julia-repos/orbit/2-body-kepler-2d.jl
2025-04-12 02:00:00.396 [info] Active editor: file:///home/lua/source/julia-repos/math/trigonometric-functions.jl
2025-04-12 02:00:01.939 [info] Executing :w
2025-04-12 02:00:03.438 [info] Active editor: file:///home/lua/source/julia-repos/orbit/2-body-kepler-2d.jl
2025-04-12 02:00:10.233 [info] Executing :set relativenumber
2025-04-12 02:00:10.282 [info] /home/lua/.config/VSCodium/User/settings.json closed
2025-04-12 02:00:10.332 [info] Configuration changed
2025-04-12 02:00:13.434 [info] Executing :w
2025-04-12 02:00:14.658 [info] Active editor: file:///home/lua/source/julia-repos/math/trigonometric-functions.jl
2025-04-12 02:00:58.137 [info] Active editor: file:///home/lua/source/julia-repos/math/trigonometric-functions.jl
2025-04-12 02:01:16.959 [info] /home/lua/.config/VSCodium/User/settings.json closed
2025-04-12 02:01:16.994 [info] Configuration changed
2025-04-12 02:01:36.766 [info] Active editor: file:///home/lua/source/julia-repos/math/log-log.jl
2025-04-12 02:02:19.983 [info] Executing :w
2025-04-12 02:03:21.601 [info] Executing :w
2025-04-12 02:03:34.741 [info] Executing :w
2025-04-12 02:03:39.977 [info] Executing :w
2025-04-12 02:03:51.926 [info] Executing :w
2025-04-12 02:04:02.717 [info] Executing :w
2025-04-12 02:04:14.481 [info] Executing :w
2025-04-12 02:04:41.901 [info] Active editor: file:///home/lua/source/julia-repos/math/log-log.jl
2025-04-12 02:04:42.919 [info] /home/lua/source/julia-repos/math/log-log.jl closed
2025-04-12 02:04:42.926 [info] Active editor: file:///home/lua/source/julia-repos/math/trigonometric-functions.jl
2025-04-12 02:05:21.901 [info] Executing :w
2025-04-12 02:05:27.065 [info] Active editor: file:///home/lua/source/julia-repos/math/latex
2025-04-12 02:05:37.316 [info] /home/lua/source/julia-repos/math/latex closed
2025-04-12 02:05:37.382 [info] Active editor: file:///home/lua/source/julia-repos/math/latex.jl
2025-04-12 02:05:46.392 [info] Executing :w
2025-04-12 02:06:01.168 [info] /home/lua/source/julia-repos/math/latex.jl closed
2025-04-12 02:06:01.210 [info] Active editor: file:///home/lua/source/julia-repos/math/trigonometric-functions.jl
2025-04-12 02:06:06.601 [info] Active editor: file:///home/lua/source/julia-repos/math/log-log.jl
2025-04-12 02:06:11.731 [info] Executing :w
2025-04-12 02:06:40.042 [info] Executing :w
2025-04-12 02:07:01.929 [info] Executing :w
2025-04-12 02:07:15.315 [info] Executing :w
2025-04-12 02:08:10.044 [info] Active editor: file:///home/lua/source/julia-repos/math/scatter-sin.jl
2025-04-12 02:08:42.513 [info] Executing :w
2025-04-12 02:08:47.179 [info] Executing :w
2025-04-12 02:09:10.795 [info] Executing :w
2025-04-12 02:09:47.481 [info] Executing :w
2025-04-12 02:09:56.335 [info] Executing :w
2025-04-12 02:10:09.112 [info] Executing :w
2025-04-12 02:10:34.118 [info] Executing :w
