2025-04-15 18:54:08.015 [info] [main] Log level: Info
2025-04-15 18:54:08.016 [info] [main] Validating found git in: "git"
2025-04-15 18:54:08.016 [info] [main] Using git "2.49.0" from "git"
2025-04-15 18:54:08.016 [info] [Model][doInitialScan] Initial repository scan started
2025-04-15 18:54:08.016 [info] > git rev-parse --show-toplevel [16ms]
2025-04-15 18:54:08.016 [info] fatal: not a git repository (or any parent up to mount point /)
Stopping at filesystem boundary (GIT_DISCOVERY_ACROSS_FILESYSTEM not set).
2025-04-15 18:54:08.016 [info] > git rev-parse --show-toplevel [65ms]
2025-04-15 18:54:08.016 [info] fatal: not a git repository (or any parent up to mount point /)
Stopping at filesystem boundary (GIT_DISCOVERY_ACROSS_FILESYSTEM not set).
2025-04-15 18:54:08.017 [info] > git rev-parse --show-toplevel [8ms]
2025-04-15 18:54:08.017 [info] fatal: not a git repository (or any parent up to mount point /)
Stopping at filesystem boundary (GIT_DISCOVERY_ACROSS_FILESYSTEM not set).
2025-04-15 18:54:08.065 [info] > git rev-parse --show-toplevel [4ms]
2025-04-15 18:54:08.065 [info] fatal: not a git repository (or any parent up to mount point /)
Stopping at filesystem boundary (GIT_DISCOVERY_ACROSS_FILESYSTEM not set).
2025-04-15 18:54:08.094 [info] > git rev-parse --show-toplevel [4ms]
2025-04-15 18:54:08.094 [info] fatal: not a git repository (or any parent up to mount point /)
Stopping at filesystem boundary (GIT_DISCOVERY_ACROSS_FILESYSTEM not set).
2025-04-15 18:54:08.095 [info] [Model][doInitialScan] Initial repository scan completed - repositories (0), closed repositories (0), parent repositories (0), unsafe repositories (0)
2025-04-15 18:54:08.110 [info] > git rev-parse --show-toplevel [8ms]
2025-04-15 18:54:08.110 [info] fatal: not a git repository (or any parent up to mount point /)
Stopping at filesystem boundary (GIT_DISCOVERY_ACROSS_FILESYSTEM not set).
2025-04-15 18:54:08.597 [info] > git rev-parse --show-toplevel [1ms]
2025-04-15 18:54:08.597 [info] fatal: not a git repository (or any parent up to mount point /)
Stopping at filesystem boundary (GIT_DISCOVERY_ACROSS_FILESYSTEM not set).
