2025-04-12 01:17:55.262 [info] Extension host with pid 86799 started
2025-04-12 01:17:55.331 [info] ExtensionService#_doActivateExtension vscode.configuration-editing, startup: false, activationEvent: 'onLanguage:jsonc'
2025-04-12 01:17:55.346 [info] ExtensionService#_doActivateExtension vscode.json-language-features, startup: false, activationEvent: 'onLanguage:jsonc'
2025-04-12 01:17:55.439 [info] ExtensionService#_doActivateExtension vscode.typescript-language-features, startup: false, activationEvent: 'onLanguage:jsonc'
2025-04-12 01:17:55.579 [info] ExtensionService#_doActivateExtension vscode.emmet, startup: false, activationEvent: 'onLanguage'
2025-04-12 01:17:55.975 [info] ExtensionService#_doActivateExtension vscode.git-base, startup: true, activationEvent: '*', root cause: vscode.git
2025-04-12 01:17:55.979 [info] ExtensionService#_doActivateExtension vscode.git, startup: true, activationEvent: '*'
2025-04-12 01:17:56.027 [info] ExtensionService#_doActivateExtension vscode.github, startup: true, activationEvent: '*'
2025-04-12 01:17:56.095 [info] Eager extensions activated
2025-04-12 01:17:56.104 [info] ExtensionService#_doActivateExtension vscode.debug-auto-launch, startup: false, activationEvent: 'onStartupFinished'
2025-04-12 01:17:56.107 [info] ExtensionService#_doActivateExtension vscode.merge-conflict, startup: false, activationEvent: 'onStartupFinished'
2025-04-12 01:17:56.137 [info] ExtensionService#_doActivateExtension vadimcn.vscode-lldb, startup: false, activationEvent: 'onStartupFinished', root cause: franneck94.vscode-c-cpp-config
2025-04-12 01:17:56.154 [info] ExtensionService#_doActivateExtension vscodevim.vim, startup: false, activationEvent: 'onStartupFinished'
2025-04-12 01:17:56.332 [info] ExtensionService#_doActivateExtension franneck94.vscode-c-cpp-config, startup: false, activationEvent: 'onStartupFinished'
2025-04-12 01:17:57.333 [error] Error: ENOENT: no such file or directory, open '/home/lua/.config/VSCodium/User/globalStorage/vscodevim.vim/.registers'
2025-04-12 01:18:13.951 [info] Extension host terminating: renderer closed the MessagePort
2025-04-12 01:18:13.971 [error] Error: ENOENT: no such file or directory, open '/home/lua/.config/VSCodium/User/globalStorage/vscodevim.vim/.registers'
2025-04-12 01:18:13.973 [info] Extension host with pid 86799 exiting with code 0
2025-04-12 01:18:15.768 [info] Extension host with pid 86913 started
2025-04-12 01:18:15.768 [info] Skipping acquiring lock for /home/lua/.config/VSCodium/User/workspaceStorage/b4b4f2761d682c9bcfa0ffbdb3bb0d7c.
2025-04-12 01:18:15.864 [info] ExtensionService#_doActivateExtension vscode.emmet, startup: false, activationEvent: 'onLanguage'
2025-04-12 01:18:15.962 [info] ExtensionService#_doActivateExtension vscode.git-base, startup: true, activationEvent: '*'
2025-04-12 01:18:15.995 [info] ExtensionService#_doActivateExtension vscode.github, startup: true, activationEvent: '*'
2025-04-12 01:18:16.041 [info] Eager extensions activated
2025-04-12 01:18:16.043 [info] ExtensionService#_doActivateExtension vscode.debug-auto-launch, startup: false, activationEvent: 'onStartupFinished'
2025-04-12 01:18:16.045 [info] ExtensionService#_doActivateExtension vscode.merge-conflict, startup: false, activationEvent: 'onStartupFinished'
2025-04-12 01:18:16.068 [info] ExtensionService#_doActivateExtension vscodevim.vim, startup: false, activationEvent: 'onStartupFinished'
2025-04-12 01:18:17.218 [error] Error: ENOENT: no such file or directory, open '/home/lua/.config/VSCodium/User/globalStorage/vscodevim.vim/.registers'
2025-04-12 01:18:18.247 [info] ExtensionService#_doActivateExtension vscode.git, startup: false, activationEvent: 'api', root cause: vscode.github
2025-04-12 01:18:18.365 [info] ExtensionService#_doActivateExtension vadimcn.vscode-lldb, startup: false, activationEvent: 'onStartupFinished', root cause: franneck94.vscode-c-cpp-config
2025-04-12 01:18:18.454 [info] ExtensionService#_doActivateExtension franneck94.vscode-c-cpp-config, startup: false, activationEvent: 'onStartupFinished'
2025-04-12 01:18:37.871 [info] ExtensionService#_doActivateExtension julialang.language-julia, startup: false, activationEvent: 'onLanguage:julia'
2025-04-12 01:18:39.049 [info] ExtensionService#_doActivateExtension vscode.configuration-editing, startup: false, activationEvent: 'onLanguage:jsonc'
2025-04-12 01:18:39.074 [info] ExtensionService#_doActivateExtension vscode.json-language-features, startup: false, activationEvent: 'onLanguage:jsonc'
2025-04-12 01:18:39.193 [info] ExtensionService#_doActivateExtension vscode.typescript-language-features, startup: false, activationEvent: 'onLanguage:jsonc'
2025-04-12 01:18:39.996 [error] TypeError: Cannot read properties of undefined (reading 'getVersion')
    at t.JuliaNotebookFeature.<anonymous> (/home/lua/.vscode-oss/extensions/julialang.language-julia-1.127.2-universal/src/notebook/notebookFeature.ts:128:38)
    at Generator.next (<anonymous>)
    at s (/home/lua/.vscode-oss/extensions/julialang.language-julia-1.127.2-universal/src/juliaexepath.ts:360:5)
    at processTicksAndRejections (node:internal/process/task_queues:95:5)
2025-04-12 01:18:40.008 [error] TypeError: Cannot read properties of undefined (reading 'file')
    at /home/lua/.vscode-oss/extensions/julialang.language-julia-1.127.2-universal/src/jlpkgenv.ts:207:29
    at Generator.next (<anonymous>)
    at s (/home/lua/.vscode-oss/extensions/julialang.language-julia-1.127.2-universal/src/interactive/workspace.ts:282:1)
    at processTicksAndRejections (node:internal/process/task_queues:95:5)
2025-04-12 01:19:11.633 [error] TypeError: Cannot read properties of undefined (reading 'file')
    at /home/lua/.vscode-oss/extensions/julialang.language-julia-1.127.2-universal/src/jlpkgenv.ts:207:29
    at Generator.next (<anonymous>)
    at s (/home/lua/.vscode-oss/extensions/julialang.language-julia-1.127.2-universal/src/interactive/workspace.ts:282:1)
    at processTicksAndRejections (node:internal/process/task_queues:95:5) language-julia.executeActiveFile {"value":"julialang.language-julia","_lower":"julialang.language-julia"}
2025-04-12 01:19:13.081 [error] TypeError: Cannot read properties of undefined (reading 'file')
    at /home/lua/.vscode-oss/extensions/julialang.language-julia-1.127.2-universal/src/jlpkgenv.ts:207:29
    at Generator.next (<anonymous>)
    at s (/home/lua/.vscode-oss/extensions/julialang.language-julia-1.127.2-universal/src/interactive/workspace.ts:282:1)
    at processTicksAndRejections (node:internal/process/task_queues:95:5) language-julia.executeActiveFile {"value":"julialang.language-julia","_lower":"julialang.language-julia"}
2025-04-12 01:19:54.047 [info] Extension host terminating: renderer closed the MessagePort
2025-04-12 01:19:54.069 [error] Canceled: Canceled
    at ql (file:///usr/share/vscodium/resources/app/out/vs/workbench/api/node/extensionHostProcess.js:7:1368)
    at file:///usr/share/vscodium/resources/app/out/vs/workbench/api/node/extensionHostProcess.js:29:120764
    at Array.forEach (<anonymous>)
    at ib.dispose (file:///usr/share/vscodium/resources/app/out/vs/workbench/api/node/extensionHostProcess.js:29:120670)
    at vq.terminate (file:///usr/share/vscodium/resources/app/out/vs/workbench/api/node/extensionHostProcess.js:115:12333)
    at o9.terminate (file:///usr/share/vscodium/resources/app/out/vs/workbench/api/node/extensionHostProcess.js:116:1602)
    at ts (file:///usr/share/vscodium/resources/app/out/vs/workbench/api/node/extensionHostProcess.js:197:5828)
    at MessagePortMain.<anonymous> (file:///usr/share/vscodium/resources/app/out/vs/workbench/api/node/extensionHostProcess.js:197:2284)
    at MessagePortMain.emit (node:events:518:28)
    at Object.MessagePortMain._internalPort.emit (node:electron/js2c/utility_init:2:2949) setContext undefined
2025-04-12 01:19:54.071 [info] Extension host with pid 86913 exiting with code 0
