2025-04-15 18:26:42.666 [info] [main] Log level: Info
2025-04-15 18:26:42.666 [info] [main] Validating found git in: "git"
2025-04-15 18:26:42.666 [info] [main] Using git "2.49.0" from "git"
2025-04-15 18:26:42.666 [info] [Model][doInitialScan] Initial repository scan started
2025-04-15 18:26:42.666 [info] > git rev-parse --show-toplevel [24ms]
2025-04-15 18:26:42.666 [info] fatal: not a git repository (or any parent up to mount point /)
Stopping at filesystem boundary (GIT_DISCOVERY_ACROSS_FILESYSTEM not set).
2025-04-15 18:26:42.666 [info] > git rev-parse --show-toplevel [16ms]
2025-04-15 18:26:42.666 [info] fatal: not a git repository (or any parent up to mount point /)
Stopping at filesystem boundary (GIT_DISCOVERY_ACROSS_FILESYSTEM not set).
2025-04-15 18:26:42.669 [info] > git rev-parse --show-toplevel [4ms]
2025-04-15 18:26:42.669 [info] fatal: not a git repository (or any parent up to mount point /)
Stopping at filesystem boundary (GIT_DISCOVERY_ACROSS_FILESYSTEM not set).
2025-04-15 18:26:42.685 [info] > git rev-parse --show-toplevel [4ms]
2025-04-15 18:26:42.685 [info] fatal: not a git repository (or any parent up to mount point /)
Stopping at filesystem boundary (GIT_DISCOVERY_ACROSS_FILESYSTEM not set).
2025-04-15 18:26:42.696 [info] > git rev-parse --show-toplevel [3ms]
2025-04-15 18:26:42.696 [info] fatal: not a git repository (or any parent up to mount point /)
Stopping at filesystem boundary (GIT_DISCOVERY_ACROSS_FILESYSTEM not set).
2025-04-15 18:26:42.697 [info] [Model][doInitialScan] Initial repository scan completed - repositories (0), closed repositories (0), parent repositories (0), unsafe repositories (0)
2025-04-15 18:28:47.816 [info] > git rev-parse --show-toplevel [4ms]
2025-04-15 18:28:47.816 [info] fatal: not a git repository (or any parent up to mount point /)
Stopping at filesystem boundary (GIT_DISCOVERY_ACROSS_FILESYSTEM not set).
