2025-04-12 01:23:15.433 [info] [main] Log level: Info
2025-04-12 01:23:15.433 [info] [main] Validating found git in: "git"
2025-04-12 01:23:15.433 [info] [main] Using git "2.49.0" from "git"
2025-04-12 01:23:15.433 [info] [Model][doInitialScan] Initial repository scan started
2025-04-12 01:23:15.433 [info] > git rev-parse --show-toplevel [10ms]
2025-04-12 01:23:15.433 [info] fatal: not a git repository (or any parent up to mount point /)
Stopping at filesystem boundary (GIT_DISCOVERY_ACROSS_FILESYSTEM not set).
2025-04-12 01:23:15.433 [info] > git rev-parse --show-toplevel [470ms]
2025-04-12 01:23:15.433 [info] fatal: not a git repository (or any parent up to mount point /)
Stopping at filesystem boundary (GIT_DISCOVERY_ACROSS_FILESYSTEM not set).
2025-04-12 01:23:15.437 [info] > git rev-parse --show-toplevel [61ms]
2025-04-12 01:23:15.437 [info] fatal: not a git repository (or any parent up to mount point /)
Stopping at filesystem boundary (GIT_DISCOVERY_ACROSS_FILESYSTEM not set).
2025-04-12 01:23:15.438 [info] [Model][doInitialScan] Initial repository scan completed - repositories (0), closed repositories (0), parent repositories (0), unsafe repositories (0)
2025-04-12 01:23:16.592 [info] > git rev-parse --show-toplevel [3ms]
2025-04-12 01:23:16.592 [info] fatal: not a git repository (or any parent up to mount point /)
Stopping at filesystem boundary (GIT_DISCOVERY_ACROSS_FILESYSTEM not set).
2025-04-12 01:23:16.611 [info] > git rev-parse --show-toplevel [3ms]
2025-04-12 01:23:16.611 [info] fatal: not a git repository (or any parent up to mount point /)
Stopping at filesystem boundary (GIT_DISCOVERY_ACROSS_FILESYSTEM not set).
2025-04-12 01:28:41.071 [info] > git rev-parse --show-toplevel [1ms]
2025-04-12 01:28:41.071 [info] fatal: not a git repository (or any parent up to mount point /)
Stopping at filesystem boundary (GIT_DISCOVERY_ACROSS_FILESYSTEM not set).
2025-04-12 01:59:54.992 [info] > git rev-parse --show-toplevel [4ms]
2025-04-12 01:59:54.992 [info] fatal: not a git repository (or any parent up to mount point /)
Stopping at filesystem boundary (GIT_DISCOVERY_ACROSS_FILESYSTEM not set).
2025-04-12 01:59:55.882 [info] > git rev-parse --show-toplevel [3ms]
2025-04-12 01:59:55.882 [info] fatal: not a git repository (or any parent up to mount point /)
Stopping at filesystem boundary (GIT_DISCOVERY_ACROSS_FILESYSTEM not set).
2025-04-12 02:00:00.410 [info] > git rev-parse --show-toplevel [3ms]
2025-04-12 02:00:00.411 [info] fatal: not a git repository (or any parent up to mount point /)
Stopping at filesystem boundary (GIT_DISCOVERY_ACROSS_FILESYSTEM not set).
2025-04-12 02:00:03.451 [info] > git rev-parse --show-toplevel [3ms]
2025-04-12 02:00:03.451 [info] fatal: not a git repository (or any parent up to mount point /)
Stopping at filesystem boundary (GIT_DISCOVERY_ACROSS_FILESYSTEM not set).
2025-04-12 02:00:10.364 [info] > git rev-parse --show-toplevel [6ms]
2025-04-12 02:00:10.364 [info] fatal: not a git repository (or any parent up to mount point /)
Stopping at filesystem boundary (GIT_DISCOVERY_ACROSS_FILESYSTEM not set).
2025-04-12 02:00:14.672 [info] > git rev-parse --show-toplevel [4ms]
2025-04-12 02:00:14.672 [info] fatal: not a git repository (or any parent up to mount point /)
Stopping at filesystem boundary (GIT_DISCOVERY_ACROSS_FILESYSTEM not set).
2025-04-12 02:00:58.150 [info] > git rev-parse --show-toplevel [2ms]
2025-04-12 02:00:58.151 [info] fatal: not a git repository (or any parent up to mount point /)
Stopping at filesystem boundary (GIT_DISCOVERY_ACROSS_FILESYSTEM not set).
2025-04-12 02:01:17.017 [info] > git rev-parse --show-toplevel [4ms]
2025-04-12 02:01:17.017 [info] fatal: not a git repository (or any parent up to mount point /)
Stopping at filesystem boundary (GIT_DISCOVERY_ACROSS_FILESYSTEM not set).
2025-04-12 02:01:36.782 [info] > git rev-parse --show-toplevel [4ms]
2025-04-12 02:01:36.782 [info] fatal: not a git repository (or any parent up to mount point /)
Stopping at filesystem boundary (GIT_DISCOVERY_ACROSS_FILESYSTEM not set).
2025-04-12 02:04:41.912 [info] > git rev-parse --show-toplevel [2ms]
2025-04-12 02:04:41.912 [info] fatal: not a git repository (or any parent up to mount point /)
Stopping at filesystem boundary (GIT_DISCOVERY_ACROSS_FILESYSTEM not set).
2025-04-12 02:04:42.945 [info] > git rev-parse --show-toplevel [6ms]
2025-04-12 02:04:42.945 [info] fatal: not a git repository (or any parent up to mount point /)
Stopping at filesystem boundary (GIT_DISCOVERY_ACROSS_FILESYSTEM not set).
2025-04-12 02:05:27.083 [info] > git rev-parse --show-toplevel [3ms]
2025-04-12 02:05:27.083 [info] fatal: not a git repository (or any parent up to mount point /)
Stopping at filesystem boundary (GIT_DISCOVERY_ACROSS_FILESYSTEM not set).
2025-04-12 02:05:37.400 [info] > git rev-parse --show-toplevel [3ms]
2025-04-12 02:05:37.400 [info] fatal: not a git repository (or any parent up to mount point /)
Stopping at filesystem boundary (GIT_DISCOVERY_ACROSS_FILESYSTEM not set).
2025-04-12 02:06:01.228 [info] > git rev-parse --show-toplevel [4ms]
2025-04-12 02:06:01.228 [info] fatal: not a git repository (or any parent up to mount point /)
Stopping at filesystem boundary (GIT_DISCOVERY_ACROSS_FILESYSTEM not set).
2025-04-12 02:06:06.617 [info] > git rev-parse --show-toplevel [3ms]
2025-04-12 02:06:06.617 [info] fatal: not a git repository (or any parent up to mount point /)
Stopping at filesystem boundary (GIT_DISCOVERY_ACROSS_FILESYSTEM not set).
2025-04-12 02:08:10.058 [info] > git rev-parse --show-toplevel [3ms]
2025-04-12 02:08:10.058 [info] fatal: not a git repository (or any parent up to mount point /)
Stopping at filesystem boundary (GIT_DISCOVERY_ACROSS_FILESYSTEM not set).
