2025-04-15 18:54:06.585 [info] Extension host with pid 83243 started
2025-04-15 18:54:06.585 [info] Skipping acquiring lock for /home/lua/.config/VSCodium/User/workspaceStorage/b4b4f2761d682c9bcfa0ffbdb3bb0d7c.
2025-04-15 18:54:06.637 [info] ExtensionService#_doActivateExtension vscode.emmet, startup: false, activationEvent: 'onLanguage'
2025-04-15 18:54:06.655 [info] ExtensionService#_doActivateExtension julialang.language-julia, startup: false, activationEvent: 'onLanguage:julia'
2025-04-15 18:54:07.226 [info] ExtensionService#_doActivateExtension vscode.configuration-editing, startup: false, activationEvent: 'onLanguage:jsonc'
2025-04-15 18:54:07.239 [info] ExtensionService#_doActivateExtension vscode.json-language-features, startup: false, activationEvent: 'onLanguage:jsonc'
2025-04-15 18:54:07.292 [info] ExtensionService#_doActivateExtension vscode.typescript-language-features, startup: false, activationEvent: 'onLanguage:jsonc'
2025-04-15 18:54:07.382 [info] ExtensionService#_doActivateExtension vscode.git-base, startup: true, activationEvent: '*', root cause: vscode.git
2025-04-15 18:54:07.467 [info] ExtensionService#_doActivateExtension vscode.git, startup: true, activationEvent: '*'
2025-04-15 18:54:07.542 [info] ExtensionService#_doActivateExtension vscode.github, startup: true, activationEvent: '*'
2025-04-15 18:54:07.655 [info] Eager extensions activated
2025-04-15 18:54:07.687 [info] ExtensionService#_doActivateExtension vscode.debug-auto-launch, startup: false, activationEvent: 'onStartupFinished'
2025-04-15 18:54:07.692 [info] ExtensionService#_doActivateExtension vscode.merge-conflict, startup: false, activationEvent: 'onStartupFinished'
2025-04-15 18:54:07.718 [info] ExtensionService#_doActivateExtension vadimcn.vscode-lldb, startup: false, activationEvent: 'onStartupFinished', root cause: franneck94.vscode-c-cpp-config
2025-04-15 18:54:07.745 [info] ExtensionService#_doActivateExtension vscodevim.vim, startup: false, activationEvent: 'onStartupFinished'
2025-04-15 18:54:07.995 [info] ExtensionService#_doActivateExtension franneck94.vscode-c-cpp-config, startup: false, activationEvent: 'onStartupFinished'
2025-04-15 19:15:00.528 [info] Extension host terminating: renderer closed the MessagePort
2025-04-15 19:15:00.539 [error] Canceled: Canceled
    at ql (file:///usr/share/vscodium/resources/app/out/vs/workbench/api/node/extensionHostProcess.js:7:1368)
    at file:///usr/share/vscodium/resources/app/out/vs/workbench/api/node/extensionHostProcess.js:29:120764
    at Array.forEach (<anonymous>)
    at ib.dispose (file:///usr/share/vscodium/resources/app/out/vs/workbench/api/node/extensionHostProcess.js:29:120670)
    at vq.terminate (file:///usr/share/vscodium/resources/app/out/vs/workbench/api/node/extensionHostProcess.js:115:12333)
    at o9.terminate (file:///usr/share/vscodium/resources/app/out/vs/workbench/api/node/extensionHostProcess.js:116:1602)
    at ts (file:///usr/share/vscodium/resources/app/out/vs/workbench/api/node/extensionHostProcess.js:197:5828)
    at MessagePortMain.<anonymous> (file:///usr/share/vscodium/resources/app/out/vs/workbench/api/node/extensionHostProcess.js:197:2284)
    at MessagePortMain.emit (node:events:518:28)
    at Object.MessagePortMain._internalPort.emit (node:electron/js2c/utility_init:2:2949) setContext undefined
2025-04-15 19:15:00.565 [error] Error: Channel has been closed
    at s (file:///usr/share/vscodium/resources/app/out/vs/workbench/api/node/extensionHostProcess.js:117:3260)
    at Object.appendLine (file:///usr/share/vscodium/resources/app/out/vs/workbench/api/node/extensionHostProcess.js:117:3399)
    at R.logOutputMessage (/usr/share/vscodium/resources/app/extensions/json-language-features/client/dist/node/jsonClientMain.js:2:290740)
    at R.info (/usr/share/vscodium/resources/app/extensions/json-language-features/client/dist/node/jsonClientMain.js:2:290473)
    at ChildProcess.<anonymous> (/usr/share/vscodium/resources/app/extensions/json-language-features/client/dist/node/jsonClientMain.js:2:514746)
    at ChildProcess.emit (node:events:518:28)
    at Process.ChildProcess._handle.onexit (node:internal/child_process:293:12)
2025-04-15 19:15:00.568 [info] Extension host with pid 83243 exiting with code 0
