2025-04-12 01:17:56.341 [info] [main] Log level: Info
2025-04-12 01:17:56.341 [info] [main] Validating found git in: "git"
2025-04-12 01:17:56.341 [info] [main] Using git "2.49.0" from "git"
2025-04-12 01:17:56.341 [info] [Model][doInitialScan] Initial repository scan started
2025-04-12 01:17:56.341 [info] [Model][doInitialScan] Initial repository scan completed - repositories (0), closed repositories (0), parent repositories (0), unsafe repositories (0)
2025-04-12 01:18:18.511 [info] [main] Log level: Info
2025-04-12 01:18:18.511 [info] [main] Validating found git in: "git"
2025-04-12 01:18:18.511 [info] [main] Using git "2.49.0" from "git"
2025-04-12 01:18:18.511 [info] [Model][doInitialScan] Initial repository scan started
2025-04-12 01:18:18.511 [info] > git rev-parse --show-toplevel [22ms]
2025-04-12 01:18:18.511 [info] fatal: not a git repository (or any parent up to mount point /)
Stopping at filesystem boundary (GIT_DISCOVERY_ACROSS_FILESYSTEM not set).
2025-04-12 01:18:18.515 [info] > git rev-parse --show-toplevel [11ms]
2025-04-12 01:18:18.515 [info] fatal: not a git repository (or any parent up to mount point /)
Stopping at filesystem boundary (GIT_DISCOVERY_ACROSS_FILESYSTEM not set).
2025-04-12 01:18:18.516 [info] [Model][doInitialScan] Initial repository scan completed - repositories (0), closed repositories (0), parent repositories (0), unsafe repositories (0)
2025-04-12 01:18:37.798 [info] > git rev-parse --show-toplevel [2ms]
2025-04-12 01:18:37.798 [info] fatal: not a git repository (or any parent up to mount point /)
Stopping at filesystem boundary (GIT_DISCOVERY_ACROSS_FILESYSTEM not set).
2025-04-12 01:18:39.373 [info] > git rev-parse --show-toplevel [3ms]
2025-04-12 01:18:39.373 [info] fatal: not a git repository (or any parent up to mount point /)
Stopping at filesystem boundary (GIT_DISCOVERY_ACROSS_FILESYSTEM not set).
2025-04-12 01:18:39.440 [info] > git rev-parse --show-toplevel [3ms]
2025-04-12 01:18:39.440 [info] fatal: not a git repository (or any parent up to mount point /)
Stopping at filesystem boundary (GIT_DISCOVERY_ACROSS_FILESYSTEM not set).
2025-04-12 01:18:44.673 [info] > git rev-parse --show-toplevel [4ms]
2025-04-12 01:18:44.673 [info] fatal: not a git repository (or any parent up to mount point /)
Stopping at filesystem boundary (GIT_DISCOVERY_ACROSS_FILESYSTEM not set).
2025-04-12 01:19:03.413 [info] > git rev-parse --show-toplevel [12ms]
2025-04-12 01:19:03.413 [info] fatal: not a git repository (or any parent up to mount point /)
Stopping at filesystem boundary (GIT_DISCOVERY_ACROSS_FILESYSTEM not set).
2025-04-12 01:19:50.111 [info] > git rev-parse --show-toplevel [6ms]
2025-04-12 01:19:50.111 [info] fatal: not a git repository (or any parent up to mount point /)
Stopping at filesystem boundary (GIT_DISCOVERY_ACROSS_FILESYSTEM not set).
