2025-04-12 01:16:39.249 [info] Getting Manifest... asvetliakov.vscode-neovim
2025-04-12 01:16:39.251 [info] Getting Manifest... redhat.java
2025-04-12 01:16:41.796 [info] Installing extension: asvetliakov.vscode-neovim {"productVersion":{"version":"1.99.22418","date":"2025-04-11T22:59:43.259Z"},"pinned":false,"operation":3,"isApplicationScoped":false,"profileLocation":{"$mid":1,"external":"vscode-userdata:/home/lua/.vscode-oss/extensions/extensions.json","path":"/home/lua/.vscode-oss/extensions/extensions.json","scheme":"vscode-userdata"}}
2025-04-12 01:16:41.835 [info] Installing extension: redhat.java {"productVersion":{"version":"1.99.22418","date":"2025-04-11T22:59:43.259Z"},"pinned":false,"operation":3,"isApplicationScoped":false,"profileLocation":{"$mid":1,"external":"vscode-userdata:/home/lua/.vscode-oss/extensions/extensions.json","path":"/home/lua/.vscode-oss/extensions/extensions.json","scheme":"vscode-userdata"}}
2025-04-12 01:16:43.846 [info] Extracted extension to file:///home/lua/.vscode-oss/extensions/asvetliakov.vscode-neovim-1.18.19-universal: asvetliakov.vscode-neovim
2025-04-12 01:16:43.856 [info] Renamed to /home/lua/.vscode-oss/extensions/asvetliakov.vscode-neovim-1.18.19-universal
2025-04-12 01:16:43.888 [info] Marked extension as removed asvetliakov.vscode-neovim-1.18.18
2025-04-12 01:16:43.912 [info] Extension installed successfully: asvetliakov.vscode-neovim vscode-userdata:/home/lua/.vscode-oss/extensions/extensions.json
2025-04-12 01:16:48.024 [info] Getting Manifest... julialang.language-julia
2025-04-12 01:16:48.781 [info] Installing extension: julialang.language-julia {"isMachineScoped":false,"installPreReleaseVersion":false,"pinned":false,"profileLocation":{"$mid":1,"external":"vscode-userdata:/home/lua/.vscode-oss/extensions/extensions.json","path":"/home/lua/.vscode-oss/extensions/extensions.json","scheme":"vscode-userdata"},"isApplicationScoped":false,"productVersion":{"version":"1.99.22418","date":"2025-04-11T22:59:43.259Z"}}
2025-04-12 01:16:56.075 [info] Extracted extension to file:///home/lua/.vscode-oss/extensions/julialang.language-julia-1.127.2-universal: julialang.language-julia
2025-04-12 01:16:56.158 [info] Renamed to /home/lua/.vscode-oss/extensions/julialang.language-julia-1.127.2-universal
2025-04-12 01:16:56.194 [info] Extension installed successfully: julialang.language-julia vscode-userdata:/home/lua/.vscode-oss/extensions/extensions.json
2025-04-12 01:17:34.650 [info] Extracted extension to file:///home/lua/.vscode-oss/extensions/redhat.java-1.41.1-linux-x64: redhat.java
2025-04-12 01:17:34.687 [info] Renamed to /home/lua/.vscode-oss/extensions/redhat.java-1.41.1-linux-x64
2025-04-12 01:17:34.733 [info] Marked extension as removed redhat.java-1.39.0
2025-04-12 01:17:34.736 [info] Extension installed successfully: redhat.java vscode-userdata:/home/lua/.vscode-oss/extensions/extensions.json
2025-04-12 01:17:39.599 [info] Getting Manifest... vscodevim.vim
2025-04-12 01:17:39.848 [info] Installing extension: vscodevim.vim {"isMachineScoped":false,"installPreReleaseVersion":false,"pinned":false,"profileLocation":{"$mid":1,"external":"vscode-userdata:/home/lua/.vscode-oss/extensions/extensions.json","path":"/home/lua/.vscode-oss/extensions/extensions.json","scheme":"vscode-userdata"},"isApplicationScoped":false,"productVersion":{"version":"1.99.22418","date":"2025-04-11T22:59:43.259Z"}}
2025-04-12 01:17:40.475 [info] Extracted extension to file:///home/lua/.vscode-oss/extensions/vscodevim.vim-1.29.0-universal: vscodevim.vim
2025-04-12 01:17:40.481 [info] Renamed to /home/lua/.vscode-oss/extensions/vscodevim.vim-1.29.0-universal
2025-04-12 01:17:40.517 [info] Extension installed successfully: vscodevim.vim vscode-userdata:/home/lua/.vscode-oss/extensions/extensions.json
