2025-03-06 09:50:23.505 [info] Getting Manifest... danielpinto8zz6.c-cpp-project-generator
2025-03-06 09:50:24.323 [info] Installing extension: danielpinto8zz6.c-cpp-project-generator {"isMachineScoped":false,"installPreReleaseVersion":false,"pinned":false,"profileLocation":{"$mid":1,"external":"vscode-userdata:/home/lua/.vscode-oss/extensions/extensions.json","path":"/home/lua/.vscode-oss/extensions/extensions.json","scheme":"vscode-userdata"},"installOnlyNewlyAddedFromExtensionPack":true,"isApplicationScoped":false,"productVersion":{"version":"1.97.2","date":"2025-03-04T13:39:36.214Z"}}
2025-03-06 09:50:25.727 [info] Extracted extension to file:///home/lua/.vscode-oss/extensions/danielpinto8zz6.c-cpp-project-generator-1.2.13-universal: danielpinto8zz6.c-cpp-project-generator
2025-03-06 09:50:25.754 [info] Renamed to /home/lua/.vscode-oss/extensions/danielpinto8zz6.c-cpp-project-generator-1.2.13-universal
2025-03-06 09:50:25.804 [info] Extension installed successfully: danielpinto8zz6.c-cpp-project-generator vscode-userdata:/home/lua/.vscode-oss/extensions/extensions.json
2025-03-06 09:51:09.412 [info] Getting Manifest... franneck94.vscode-c-cpp-dev-extension-pack
2025-03-06 09:51:09.714 [info] Installing extension: franneck94.vscode-c-cpp-dev-extension-pack {"isMachineScoped":false,"installPreReleaseVersion":false,"pinned":false,"profileLocation":{"$mid":1,"external":"vscode-userdata:/home/lua/.vscode-oss/extensions/extensions.json","path":"/home/lua/.vscode-oss/extensions/extensions.json","scheme":"vscode-userdata"},"installOnlyNewlyAddedFromExtensionPack":true,"isApplicationScoped":false,"productVersion":{"version":"1.97.2","date":"2025-03-04T13:39:36.214Z"}}
2025-03-06 09:51:19.979 [info] Getting Manifest... jeff-hykin.better-cpp-syntax
2025-03-06 09:51:20.199 [info] Getting Manifest... cheshirekow.cmake-format
2025-03-06 09:51:20.391 [info] Getting Manifest... bbenoist.doxygen
2025-03-06 09:51:20.596 [info] Getting Manifest... cschlosser.doxdocgen
2025-03-06 09:51:20.840 [info] Getting Manifest... twxs.cmake
2025-03-06 09:51:21.069 [info] Getting Manifest... vadimcn.vscode-lldb
2025-03-06 09:51:21.384 [info] Getting Manifest... franneck94.c-cpp-runner
2025-03-06 09:51:21.603 [info] Getting Manifest... franneck94.vscode-c-cpp-config
2025-03-06 09:51:21.834 [info] Getting Manifest... 13xforever.language-x86-64-assembly
2025-03-06 09:51:22.213 [info] Installing extension: jeff-hykin.better-cpp-syntax {"isMachineScoped":false,"installPreReleaseVersion":false,"pinned":false,"profileLocation":{"$mid":1,"external":"vscode-userdata:/home/lua/.vscode-oss/extensions/extensions.json","path":"/home/lua/.vscode-oss/extensions/extensions.json","scheme":"vscode-userdata"},"installOnlyNewlyAddedFromExtensionPack":true,"isApplicationScoped":false,"productVersion":{"version":"1.97.2","date":"2025-03-04T13:39:36.214Z"},"context":{"dependecyOrPackExtensionInstall":true}}
2025-03-06 09:51:22.213 [info] Installing extension: cheshirekow.cmake-format {"isMachineScoped":false,"installPreReleaseVersion":false,"pinned":false,"profileLocation":{"$mid":1,"external":"vscode-userdata:/home/lua/.vscode-oss/extensions/extensions.json","path":"/home/lua/.vscode-oss/extensions/extensions.json","scheme":"vscode-userdata"},"installOnlyNewlyAddedFromExtensionPack":true,"isApplicationScoped":false,"productVersion":{"version":"1.97.2","date":"2025-03-04T13:39:36.214Z"},"context":{"dependecyOrPackExtensionInstall":true}}
2025-03-06 09:51:22.214 [info] Installing extension: bbenoist.doxygen {"isMachineScoped":false,"installPreReleaseVersion":false,"pinned":false,"profileLocation":{"$mid":1,"external":"vscode-userdata:/home/lua/.vscode-oss/extensions/extensions.json","path":"/home/lua/.vscode-oss/extensions/extensions.json","scheme":"vscode-userdata"},"installOnlyNewlyAddedFromExtensionPack":true,"isApplicationScoped":false,"productVersion":{"version":"1.97.2","date":"2025-03-04T13:39:36.214Z"},"context":{"dependecyOrPackExtensionInstall":true}}
2025-03-06 09:51:22.214 [info] Installing extension: cschlosser.doxdocgen {"isMachineScoped":false,"installPreReleaseVersion":false,"pinned":false,"profileLocation":{"$mid":1,"external":"vscode-userdata:/home/lua/.vscode-oss/extensions/extensions.json","path":"/home/lua/.vscode-oss/extensions/extensions.json","scheme":"vscode-userdata"},"installOnlyNewlyAddedFromExtensionPack":true,"isApplicationScoped":false,"productVersion":{"version":"1.97.2","date":"2025-03-04T13:39:36.214Z"},"context":{"dependecyOrPackExtensionInstall":true}}
2025-03-06 09:51:22.214 [info] Installing extension: twxs.cmake {"isMachineScoped":false,"installPreReleaseVersion":false,"pinned":false,"profileLocation":{"$mid":1,"external":"vscode-userdata:/home/lua/.vscode-oss/extensions/extensions.json","path":"/home/lua/.vscode-oss/extensions/extensions.json","scheme":"vscode-userdata"},"installOnlyNewlyAddedFromExtensionPack":true,"isApplicationScoped":false,"productVersion":{"version":"1.97.2","date":"2025-03-04T13:39:36.214Z"},"context":{"dependecyOrPackExtensionInstall":true}}
2025-03-06 09:51:22.214 [info] Installing extension: vadimcn.vscode-lldb {"isMachineScoped":false,"installPreReleaseVersion":false,"pinned":false,"profileLocation":{"$mid":1,"external":"vscode-userdata:/home/lua/.vscode-oss/extensions/extensions.json","path":"/home/lua/.vscode-oss/extensions/extensions.json","scheme":"vscode-userdata"},"installOnlyNewlyAddedFromExtensionPack":true,"isApplicationScoped":false,"productVersion":{"version":"1.97.2","date":"2025-03-04T13:39:36.214Z"},"context":{"dependecyOrPackExtensionInstall":true}}
2025-03-06 09:51:22.215 [info] Installing extension: franneck94.c-cpp-runner {"isMachineScoped":false,"installPreReleaseVersion":false,"pinned":false,"profileLocation":{"$mid":1,"external":"vscode-userdata:/home/lua/.vscode-oss/extensions/extensions.json","path":"/home/lua/.vscode-oss/extensions/extensions.json","scheme":"vscode-userdata"},"installOnlyNewlyAddedFromExtensionPack":true,"isApplicationScoped":false,"productVersion":{"version":"1.97.2","date":"2025-03-04T13:39:36.214Z"},"context":{"dependecyOrPackExtensionInstall":true}}
2025-03-06 09:51:22.215 [info] Installing extension: franneck94.vscode-c-cpp-config {"isMachineScoped":false,"installPreReleaseVersion":false,"pinned":false,"profileLocation":{"$mid":1,"external":"vscode-userdata:/home/lua/.vscode-oss/extensions/extensions.json","path":"/home/lua/.vscode-oss/extensions/extensions.json","scheme":"vscode-userdata"},"installOnlyNewlyAddedFromExtensionPack":true,"isApplicationScoped":false,"productVersion":{"version":"1.97.2","date":"2025-03-04T13:39:36.214Z"},"context":{"dependecyOrPackExtensionInstall":true}}
2025-03-06 09:51:22.216 [info] Installing extension: 13xforever.language-x86-64-assembly {"isMachineScoped":false,"installPreReleaseVersion":false,"pinned":false,"profileLocation":{"$mid":1,"external":"vscode-userdata:/home/lua/.vscode-oss/extensions/extensions.json","path":"/home/lua/.vscode-oss/extensions/extensions.json","scheme":"vscode-userdata"},"installOnlyNewlyAddedFromExtensionPack":true,"isApplicationScoped":false,"productVersion":{"version":"1.97.2","date":"2025-03-04T13:39:36.214Z"},"context":{"dependecyOrPackExtensionInstall":true}}
2025-03-06 09:51:22.861 [info] Extracted extension to file:///home/lua/.vscode-oss/extensions/jeff-hykin.better-cpp-syntax-1.27.1-universal: jeff-hykin.better-cpp-syntax
2025-03-06 09:51:22.873 [info] Renamed to /home/lua/.vscode-oss/extensions/jeff-hykin.better-cpp-syntax-1.27.1-universal
2025-03-06 09:51:22.981 [info] Extracted extension to file:///home/lua/.vscode-oss/extensions/franneck94.vscode-c-cpp-dev-extension-pack-0.10.0-universal: franneck94.vscode-c-cpp-dev-extension-pack
2025-03-06 09:51:22.989 [info] Renamed to /home/lua/.vscode-oss/extensions/franneck94.vscode-c-cpp-dev-extension-pack-0.10.0-universal
2025-03-06 09:51:23.095 [info] Extracted extension to file:///home/lua/.vscode-oss/extensions/bbenoist.doxygen-1.0.0-universal: bbenoist.doxygen
2025-03-06 09:51:23.104 [info] Renamed to /home/lua/.vscode-oss/extensions/bbenoist.doxygen-1.0.0-universal
2025-03-06 09:51:23.263 [info] Extracted extension to file:///home/lua/.vscode-oss/extensions/vadimcn.vscode-lldb-1.11.4-universal: vadimcn.vscode-lldb
2025-03-06 09:51:23.274 [info] Renamed to /home/lua/.vscode-oss/extensions/vadimcn.vscode-lldb-1.11.4-universal
2025-03-06 09:51:23.328 [info] Extracted extension to file:///home/lua/.vscode-oss/extensions/franneck94.vscode-c-cpp-config-6.3.0-universal: franneck94.vscode-c-cpp-config
2025-03-06 09:51:23.336 [info] Renamed to /home/lua/.vscode-oss/extensions/franneck94.vscode-c-cpp-config-6.3.0-universal
2025-03-06 09:51:23.399 [info] Extracted extension to file:///home/lua/.vscode-oss/extensions/13xforever.language-x86-64-assembly-3.1.4-universal: 13xforever.language-x86-64-assembly
2025-03-06 09:51:23.408 [info] Renamed to /home/lua/.vscode-oss/extensions/13xforever.language-x86-64-assembly-3.1.4-universal
2025-03-06 09:51:23.663 [info] Extracted extension to file:///home/lua/.vscode-oss/extensions/cheshirekow.cmake-format-0.6.13-universal: cheshirekow.cmake-format
2025-03-06 09:51:23.674 [info] Renamed to /home/lua/.vscode-oss/extensions/cheshirekow.cmake-format-0.6.13-universal
2025-03-06 09:51:24.237 [info] Extracted extension to file:///home/lua/.vscode-oss/extensions/franneck94.c-cpp-runner-9.4.7-universal: franneck94.c-cpp-runner
2025-03-06 09:51:24.250 [info] Renamed to /home/lua/.vscode-oss/extensions/franneck94.c-cpp-runner-9.4.7-universal
2025-03-06 09:51:25.864 [info] Extracted extension to file:///home/lua/.vscode-oss/extensions/cschlosser.doxdocgen-1.4.0-universal: cschlosser.doxdocgen
2025-03-06 09:51:25.912 [info] Renamed to /home/lua/.vscode-oss/extensions/cschlosser.doxdocgen-1.4.0-universal
2025-03-06 09:51:26.162 [info] Extracted extension to file:///home/lua/.vscode-oss/extensions/twxs.cmake-0.0.17-universal: twxs.cmake
2025-03-06 09:51:26.171 [info] Renamed to /home/lua/.vscode-oss/extensions/twxs.cmake-0.0.17-universal
2025-03-06 09:51:26.209 [info] Extension installed successfully: jeff-hykin.better-cpp-syntax vscode-userdata:/home/lua/.vscode-oss/extensions/extensions.json
2025-03-06 09:51:26.209 [info] Extension installed successfully: franneck94.vscode-c-cpp-dev-extension-pack vscode-userdata:/home/lua/.vscode-oss/extensions/extensions.json
2025-03-06 09:51:26.210 [info] Extension installed successfully: bbenoist.doxygen vscode-userdata:/home/lua/.vscode-oss/extensions/extensions.json
2025-03-06 09:51:26.210 [info] Extension installed successfully: vadimcn.vscode-lldb vscode-userdata:/home/lua/.vscode-oss/extensions/extensions.json
2025-03-06 09:51:26.210 [info] Extension installed successfully: franneck94.vscode-c-cpp-config vscode-userdata:/home/lua/.vscode-oss/extensions/extensions.json
2025-03-06 09:51:26.210 [info] Extension installed successfully: 13xforever.language-x86-64-assembly vscode-userdata:/home/lua/.vscode-oss/extensions/extensions.json
2025-03-06 09:51:26.211 [info] Extension installed successfully: cheshirekow.cmake-format vscode-userdata:/home/lua/.vscode-oss/extensions/extensions.json
2025-03-06 09:51:26.211 [info] Extension installed successfully: franneck94.c-cpp-runner vscode-userdata:/home/lua/.vscode-oss/extensions/extensions.json
2025-03-06 09:51:26.211 [info] Extension installed successfully: cschlosser.doxdocgen vscode-userdata:/home/lua/.vscode-oss/extensions/extensions.json
2025-03-06 09:51:26.211 [info] Extension installed successfully: twxs.cmake vscode-userdata:/home/lua/.vscode-oss/extensions/extensions.json
2025-03-06 09:51:37.163 [info] Installing extension: vadimcn.vscode-lldb {"installGivenVersion":true,"pinned":false,"profileLocation":{"$mid":1,"external":"vscode-userdata:/home/lua/.vscode-oss/extensions/extensions.json","path":"/home/lua/.vscode-oss/extensions/extensions.json","scheme":"vscode-userdata"},"installOnlyNewlyAddedFromExtensionPack":false,"isApplicationScoped":false,"productVersion":{"version":"1.97.2","date":"2025-03-04T13:39:36.214Z"}}
2025-03-06 09:51:37.283 [info] Deleted existing extension from disk vadimcn.vscode-lldb /home/lua/.vscode-oss/extensions/vadimcn.vscode-lldb-1.11.4-universal
2025-03-06 09:51:40.558 [info] Extracted extension to file:///home/lua/.vscode-oss/extensions/vadimcn.vscode-lldb-1.11.4: vadimcn.vscode-lldb
2025-03-06 09:51:40.624 [info] Renamed to /home/lua/.vscode-oss/extensions/vadimcn.vscode-lldb-1.11.4
2025-03-06 09:51:40.673 [info] Extension installed successfully: vadimcn.vscode-lldb vscode-userdata:/home/lua/.vscode-oss/extensions/extensions.json
2025-03-06 09:52:00.982 [info] Getting Manifest... llvm-vs-code-extensions.vscode-clangd
2025-03-06 09:52:01.238 [info] Installing extension: llvm-vs-code-extensions.vscode-clangd {"isMachineScoped":false,"installPreReleaseVersion":false,"pinned":false,"profileLocation":{"$mid":1,"external":"vscode-userdata:/home/lua/.vscode-oss/extensions/extensions.json","path":"/home/lua/.vscode-oss/extensions/extensions.json","scheme":"vscode-userdata"},"installOnlyNewlyAddedFromExtensionPack":true,"isApplicationScoped":false,"productVersion":{"version":"1.97.2","date":"2025-03-04T13:39:36.214Z"}}
2025-03-06 09:52:02.195 [info] Extracted extension to file:///home/lua/.vscode-oss/extensions/llvm-vs-code-extensions.vscode-clangd-0.1.33-universal: llvm-vs-code-extensions.vscode-clangd
2025-03-06 09:52:02.201 [info] Renamed to /home/lua/.vscode-oss/extensions/llvm-vs-code-extensions.vscode-clangd-0.1.33-universal
2025-03-06 09:52:02.233 [info] Extension installed successfully: llvm-vs-code-extensions.vscode-clangd vscode-userdata:/home/lua/.vscode-oss/extensions/extensions.json
