[Error - 9:12:46 AM] Mar 11, 2025, 9:12:46 AM An internal error occurred during: "Initialize After Load".
Cannot invoke "org.osgi.framework.Bundle.start(int)" because the return value of "org.eclipse.core.runtime.Platform.getBundle(String)" is null
java.lang.NullPointerException: Cannot invoke "org.osgi.framework.Bundle.start(int)" because the return value of "org.eclipse.core.runtime.Platform.getBundle(String)" is null
	at org.eclipse.jdt.ls.core.internal.handlers.BundleUtils.startBundle(BundleUtils.java:360)
	at org.eclipse.jdt.ls.core.internal.JavaLanguageServerPlugin$1.run(JavaLanguageServerPlugin.java:196)
	at org.eclipse.core.internal.jobs.Worker.run(Worker.java:63)

[Error - 9:12:46 AM] Mar 11, 2025, 9:12:46 AM Failed to create linked resource from file:///home/lua/.source/java-repos/sorts/Main.java to jdt.ls-java-project
Resource '/jdt.ls-java-project/src/Main.java' already exists.
org.eclipse.core.internal.resources.ResourceException(/jdt.ls-java-project/src/Main.java)[367]: java.lang.Exception: Resource '/jdt.ls-java-project/src/Main.java' already exists.
	at org.eclipse.core.internal.resources.ResourceException.provideStackTrace(ResourceException.java:42)
	at org.eclipse.core.internal.resources.ResourceException.<init>(ResourceException.java:38)
	at org.eclipse.core.internal.resources.Workspace.createResource(Workspace.java:1459)
	at org.eclipse.core.internal.resources.Workspace.createResource(Workspace.java:1394)
	at org.eclipse.core.internal.resources.Resource.createLink(Resource.java:678)
	at org.eclipse.jdt.ls.core.internal.JDTUtils.getFakeCompilationUnit(JDTUtils.java:314)
	at org.eclipse.jdt.ls.core.internal.JDTUtils.resolveCompilationUnit(JDTUtils.java:201)
	at org.eclipse.jdt.ls.core.internal.JDTUtils.resolveTypeRoot(JDTUtils.java:489)
	at org.eclipse.jdt.ls.core.internal.JDTUtils.resolveTypeRoot(JDTUtils.java:448)
	at org.eclipse.jdt.ls.core.internal.handlers.DocumentSymbolHandler.documentSymbol(DocumentSymbolHandler.java:108)
	at org.eclipse.jdt.ls.core.internal.syntaxserver.SyntaxLanguageServer.lambda$5(SyntaxLanguageServer.java:339)
	at org.eclipse.jdt.ls.core.internal.BaseJDTLanguageServer.lambda$0(BaseJDTLanguageServer.java:87)
	at java.base/java.util.concurrent.CompletableFuture$UniApply.tryFire(Unknown Source)
	at java.base/java.util.concurrent.CompletableFuture$Completion.exec(Unknown Source)
	at java.base/java.util.concurrent.ForkJoinTask.doExec(Unknown Source)
	at java.base/java.util.concurrent.ForkJoinPool$WorkQueue.topLevelExec(Unknown Source)
	at java.base/java.util.concurrent.ForkJoinPool.scan(Unknown Source)
	at java.base/java.util.concurrent.ForkJoinPool.runWorker(Unknown Source)
	at java.base/java.util.concurrent.ForkJoinWorkerThread.run(Unknown Source)

[Error - 9:12:48 AM] Mar 11, 2025, 9:12:48 AM [Working copy] Main.java [in <default> [in src [in jdt.ls-java-project]]] does not exist
[Working copy] Main.java [in <default> [in src [in jdt.ls-java-project]]] does not exist
Java Model Exception: Error in Java Model (code 969): [Working copy] Main.java [in <default> [in src [in jdt.ls-java-project]]] does not exist
	at org.eclipse.jdt.internal.core.JavaElement.newNotPresentException(JavaElement.java:546)
	at org.eclipse.jdt.internal.core.Openable.getUnderlyingResource(Openable.java:338)
	at org.eclipse.jdt.internal.core.CompilationUnit.getUnderlyingResource(CompilationUnit.java:1108)
	at org.eclipse.jdt.ls.core.internal.handlers.BaseDiagnosticsHandler.collectNonJavaProblems(BaseDiagnosticsHandler.java:198)
	at org.eclipse.jdt.ls.core.internal.handlers.BaseDiagnosticsHandler.endReporting(BaseDiagnosticsHandler.java:149)
	at org.eclipse.jdt.internal.core.ReconcileWorkingCopyOperation.reportProblems(ReconcileWorkingCopyOperation.java:157)
	at org.eclipse.jdt.internal.core.ReconcileWorkingCopyOperation.executeOperation(ReconcileWorkingCopyOperation.java:126)
	at org.eclipse.jdt.internal.core.JavaModelOperation.run(JavaModelOperation.java:751)
	at org.eclipse.jdt.internal.core.JavaModelOperation.runOperation(JavaModelOperation.java:816)
	at org.eclipse.jdt.internal.core.CompilationUnit.reconcile(CompilationUnit.java:1444)
	at org.eclipse.jdt.ls.core.internal.handlers.BaseDocumentLifeCycleHandler.publishDiagnostics(BaseDocumentLifeCycleHandler.java:336)
	at org.eclipse.jdt.ls.core.internal.handlers.BaseDocumentLifeCycleHandler.publishDiagnostics(BaseDocumentLifeCycleHandler.java:299)
	at org.eclipse.jdt.ls.core.internal.handlers.BaseDocumentLifeCycleHandler$PublishDiagnosticJob.run(BaseDocumentLifeCycleHandler.java:781)
	at org.eclipse.core.internal.jobs.Worker.run(Worker.java:63)

