2025-03-05 08:04:32 Loading main app package /usr/lib/obsidian/obsidian.asar
2025-03-05 08:04:33 Checking for update using Github
2025-03-05 08:04:34 Success.
2025-03-05 08:04:34 Latest version is 1.8.7
2025-03-05 08:04:34 App is up to date.
2025-03-19 07:47:44 Loading main app package /usr/lib/obsidian/obsidian.asar
2025-03-19 07:47:44 Checking for update using Github
2025-03-19 07:47:44 Success.
2025-03-19 07:47:44 Latest version is 1.8.9
2025-03-19 07:47:44 App is up to date.
2025-03-20 09:28:21 Loading main app package /usr/lib/obsidian/obsidian.asar
2025-03-20 09:28:22 Checking for update using Github
2025-03-20 09:28:22 Success.
2025-03-20 09:28:22 Latest version is 1.8.9
2025-03-20 09:28:22 App is up to date.
2025-03-20 10:28:22 Checking for update using Github
2025-03-20 10:28:22 Success.
2025-03-20 10:28:22 Latest version is 1.8.9
2025-03-20 10:28:22 App is up to date.
2025-03-24 14:09:31 Loading main app package /usr/lib/obsidian/obsidian.asar
2025-03-24 14:09:32 Checking for update using Github
2025-03-24 14:09:32 Success.
2025-03-24 14:09:32 Latest version is 1.8.9
2025-03-24 14:09:32 App is up to date.
2025-03-24 15:09:31 Checking for update using Github
2025-03-24 15:09:31 Success.
2025-03-24 15:09:31 Latest version is 1.8.9
2025-03-24 15:09:31 App is up to date.
2025-03-28 17:30:52 Loading main app package /usr/lib/obsidian/obsidian.asar
2025-03-28 17:30:52 Checking for update using Github
2025-03-28 17:30:53 Success.
2025-03-28 17:30:53 Latest version is 1.8.9
2025-03-28 17:30:53 App is up to date.
2025-03-28 18:30:52 Checking for update using Github
2025-03-28 18:30:52 Success.
2025-03-28 18:30:52 Latest version is 1.8.9
2025-03-28 18:30:52 App is up to date.
2025-03-28 19:30:52 Checking for update using Github
2025-03-28 19:30:52 Success.
2025-03-28 19:30:52 Latest version is 1.8.9
2025-03-28 19:30:52 App is up to date.
2025-03-28 20:30:52 Checking for update using Github
2025-03-28 20:30:52 Success.
2025-03-28 20:30:52 Latest version is 1.8.9
2025-03-28 20:30:52 App is up to date.
2025-04-03 10:49:45 Loading main app package /usr/lib/obsidian/obsidian.asar
2025-04-03 10:49:45 Checking for update using Github
2025-04-03 10:49:45 Success.
2025-04-03 10:49:45 Latest version is 1.8.9
2025-04-03 10:49:45 App is up to date.
2025-04-05 13:00:44 Loading main app package /usr/lib/obsidian/obsidian.asar
2025-04-05 13:00:45 Checking for update using Github
2025-04-05 13:00:45 Success.
2025-04-05 13:00:45 Latest version is 1.8.9
2025-04-05 13:00:45 App is up to date.
2025-04-09 09:04:04 Loading main app package /usr/lib/obsidian/obsidian.asar
2025-04-09 09:04:04 Checking for update using Github
2025-04-09 09:04:04 Success.
2025-04-09 09:04:04 Latest version is 1.8.9
2025-04-09 09:04:04 App is up to date.
2025-04-09 09:33:12 Loading main app package /usr/lib/obsidian/obsidian.asar
2025-04-09 09:33:12 Checking for update using Github
2025-04-09 09:33:12 Success.
2025-04-09 09:33:12 Latest version is 1.8.9
2025-04-09 09:33:12 App is up to date.
2025-04-10 10:25:25 Loading main app package /usr/lib/obsidian/obsidian.asar
2025-04-10 10:25:25 Checking for update using Github
2025-04-10 10:25:25 Success.
2025-04-10 10:25:25 Latest version is 1.8.9
2025-04-10 10:25:25 App is up to date.
2025-04-10 11:25:25 Checking for update using Github
2025-04-10 11:25:25 Success.
2025-04-10 11:25:25 Latest version is 1.8.9
2025-04-10 11:25:25 App is up to date.
2025-04-10 12:25:25 Checking for update using Github
2025-04-10 12:25:25 Success.
2025-04-10 12:25:25 Latest version is 1.8.9
2025-04-10 12:25:25 App is up to date.
2025-04-10 13:25:25 Checking for update using Github
2025-04-10 13:25:25 Success.
2025-04-10 13:25:25 Latest version is 1.8.9
2025-04-10 13:25:25 App is up to date.
2025-04-10 14:25:25 Checking for update using Github
2025-04-10 14:25:25 Success.
2025-04-10 14:25:25 Latest version is 1.8.9
2025-04-10 14:25:25 App is up to date.
2025-04-11 06:17:58 Loading main app package /usr/lib/obsidian/obsidian.asar
2025-04-11 06:17:58 Checking for update using Github
2025-04-11 06:17:58 Success.
2025-04-11 06:17:58 Latest version is 1.8.9
2025-04-11 06:17:58 App is up to date.
2025-04-11 07:17:58 Checking for update using Github
2025-04-11 07:17:58 Success.
2025-04-11 07:17:58 Latest version is 1.8.9
2025-04-11 07:17:58 App is up to date.
2025-04-11 08:17:58 Checking for update using Github
2025-04-11 08:17:58 Success.
2025-04-11 08:17:58 Latest version is 1.8.9
2025-04-11 08:17:58 App is up to date.
2025-04-11 09:17:58 Checking for update using Github
2025-04-11 09:17:58 Success.
2025-04-11 09:17:58 Latest version is 1.8.9
2025-04-11 09:17:58 App is up to date.
2025-04-11 10:17:58 Checking for update using Github
2025-04-11 10:17:58 Success.
2025-04-11 10:17:58 Latest version is 1.8.9
2025-04-11 10:17:58 App is up to date.
2025-04-11 19:55:39 Loading main app package /usr/lib/obsidian/obsidian.asar
2025-04-11 19:55:39 Checking for update using Github
2025-04-11 19:55:39 Success.
2025-04-11 19:55:39 Latest version is 1.8.9
2025-04-11 19:55:39 App is up to date.
2025-04-15 22:44:03 Loading main app package /usr/lib/obsidian/obsidian.asar
2025-04-15 22:44:03 Checking for update using Github
2025-04-15 22:44:04 Success.
2025-04-15 22:44:04 Latest version is 1.8.9
2025-04-15 22:44:04 App is up to date.
2025-04-15 23:44:03 Checking for update using Github
2025-04-15 23:44:03 Success.
2025-04-15 23:44:03 Latest version is 1.8.9
2025-04-15 23:44:03 App is up to date.
