2025-04-12 01:20:03.662 [info] [main] Log level: Info
2025-04-12 01:20:03.662 [info] [main] Validating found git in: "git"
2025-04-12 01:20:03.662 [info] [main] Using git "2.49.0" from "git"
2025-04-12 01:20:03.662 [info] [Model][doInitialScan] Initial repository scan started
2025-04-12 01:20:03.662 [info] > git rev-parse --show-toplevel [7ms]
2025-04-12 01:20:03.662 [info] fatal: not a git repository (or any parent up to mount point /)
Stopping at filesystem boundary (GIT_DISCOVERY_ACROSS_FILESYSTEM not set).
2025-04-12 01:20:03.662 [info] > git rev-parse --show-toplevel [59ms]
2025-04-12 01:20:03.662 [info] fatal: not a git repository (or any parent up to mount point /)
Stopping at filesystem boundary (GIT_DISCOVERY_ACROSS_FILESYSTEM not set).
2025-04-12 01:20:03.662 [info] > git rev-parse --show-toplevel [7ms]
2025-04-12 01:20:03.662 [info] fatal: not a git repository (or any parent up to mount point /)
Stopping at filesystem boundary (GIT_DISCOVERY_ACROSS_FILESYSTEM not set).
2025-04-12 01:20:03.662 [info] [Model][doInitialScan] Initial repository scan completed - repositories (0), closed repositories (0), parent repositories (0), unsafe repositories (0)
2025-04-12 01:22:04.383 [info] > git rev-parse --show-toplevel [17ms]
2025-04-12 01:22:04.383 [info] fatal: not a git repository (or any parent up to mount point /)
Stopping at filesystem boundary (GIT_DISCOVERY_ACROSS_FILESYSTEM not set).
2025-04-12 01:22:17.867 [info] > git rev-parse --show-toplevel [2ms]
2025-04-12 01:22:17.867 [info] fatal: not a git repository (or any parent up to mount point /)
Stopping at filesystem boundary (GIT_DISCOVERY_ACROSS_FILESYSTEM not set).
