[ Info: Starting LS with Julia 1.11.5
  Activating project at `~/.vscode-oss/extensions/julialang.language-julia-1.127.2-universal/scripts/environments/languageserver/v1.11`
[ Info: Starting the Julia Language Server
Precompiling InteractiveUtils...
    950.7 ms  ✓ InteractiveUtils
  1 dependency successfully precompiled in 1 seconds. 2 already precompiled.
Precompiling LanguageServer...
    594.9 ms  ✓ CancellationTokens
    635.5 ms  ✓ Unicode
    662.8 ms  ✓ Glob
    779.5 ms  ✓ Zlib_jll
   1052.9 ms  ✓ OrderedCollections
   1228.5 ms  ✓ URIs
   1331.7 ms  ✓ Mmap
   1354.7 ms  ✓ AutoHashEquals
   1369.1 ms  ✓ Serialization
   1313.6 ms  ✓ Compat
   2139.8 ms  ✓ Crayons
   1706.5 ms  ✓ Preferences
    821.6 ms  ✓ PrecompileTools
   1994.7 ms  ✓ JSON
   1154.2 ms  ✓ JSONRPC
   4403.1 ms  ✓ MacroTools
   5408.2 ms  ✓ Tokenize
   3983.1 ms  ✓ DataStructures
   6313.4 ms  ✓ Test
    559.0 ms  ✓ ExceptionUnwrapping
   2075.3 ms  ✓ Salsa
   6918.5 ms  ✓ CSTParser
  14167.5 ms  ✓ CommonMark
  19008.9 ms  ✓ StyledStrings
  25782.2 ms  ✓ JuliaSyntax
    578.3 ms  ✓ TestItemDetection
   4170.0 ms  ✓ JuliaWorkspaces
  25170.8 ms  ✓ JuliaFormatter
  48531.4 ms  ✓ REPL
   6552.9 ms  ✓ Pkg → REPLExt
   8400.2 ms  ✓ SymbolServer
   1814.7 ms  ✓ StaticLint
  12707.0 ms  ✓ LanguageServer
  33 dependencies successfully precompiled in 97 seconds. 22 already precompiled.
[ Info: Symbol server store is at '/home/lua/.config/VSCodium/User/globalStorage/julialang.language-julia/symbolstorev5'.
[ Info: Starting LS at 1744736221
[ Info: Downloading cache files... (0%)
[ Info: Downloading cache files... (6%)
[ Info: Downloading cache files... (12%)
[ Info: Downloading cache files... (18%)
[ Info: Downloading cache files... (24%)
[ Info: Downloading cache files... (29%)
[ Info: Downloading cache files... (35%)
[ Info: Downloading cache files... (41%)
[ Info: Downloading cache files... (47%)
[ Info: Downloading cache files... (53%)
[ Info: Downloading cache files... (59%)
[ Info: Downloading cache files... (65%)
[ Info: Downloading cache files... (71%)
[ Info: Downloading cache files... (76%)
[ Info: Downloading cache files... (82%)
[ Info: Downloading cache files... (88%)
[ Info: Downloading cache files... (94%)
[ Info: All cache files downloaded (took 2.9s). (100%)
[ Info: Package Plots (91a5bcdd-55d7-5caf-9e0b-520d859cae80) is cached.
[ Info: Package LaTeXStrings (b964fa9f-0449-5b57-a5c2-d3ea65f4040f) is cached.
[ Info: Symbol server indexing took 5.332479086 seconds.
[ Info: Loading Plots from cache... (0%)
[ Info: Done loading Plots from cache... (took 0.24s) (0%)
[ Info: Loading Downloads from cache... (0%)
[ Info: Done loading Downloads from cache... (0%)
[ Info: Loading LibCURL from cache... (0%)
[ Info: Done loading LibCURL from cache... (0%)
[ Info: Loading MozillaCACerts_jll from cache... (0%)
[ Info: Done loading MozillaCACerts_jll from cache... (0%)
[ Info: Loading LibCURL_jll from cache... (0%)
[ Info: Done loading LibCURL_jll from cache... (0%)
[ Info: Loading LibSSH2_jll from cache... (0%)
[ Info: Done loading LibSSH2_jll from cache... (0%)
[ Info: Loading MbedTLS_jll from cache... (0%)
[ Info: Done loading MbedTLS_jll from cache... (0%)
[ Info: Loading Libdl from cache... (0%)
[ Info: Done loading Libdl from cache... (0%)
[ Info: Loading Artifacts from cache... (0%)
[ Info: Done loading Artifacts from cache... (0%)
[ Info: Loading nghttp2_jll from cache... (0%)
[ Info: Done loading nghttp2_jll from cache... (0%)
[ Info: Loading Zlib_jll from cache... (0%)
[ Info: Done loading Zlib_jll from cache... (0%)
[ Info: Loading NetworkOptions from cache... (0%)
[ Info: Done loading NetworkOptions from cache... (0%)
[ Info: Loading FileWatching from cache... (0%)
[ Info: Done loading FileWatching from cache... (0%)
[ Info: Loading ArgTools from cache... (0%)
[ Info: Done loading ArgTools from cache... (0%)
[ Info: Loading Pkg from cache... (0%)
[ Info: Done loading Pkg from cache... (took 0.019s) (0%)
[ Info: Loading Tar from cache... (0%)
[ Info: Done loading Tar from cache... (0%)
[ Info: Loading SHA from cache... (0%)
[ Info: Done loading SHA from cache... (0%)
[ Info: Loading Random from cache... (0%)
[ Info: Done loading Random from cache... (0%)
[ Info: Loading UUIDs from cache... (0%)
[ Info: Done loading UUIDs from cache... (0%)
[ Info: Loading LibGit2 from cache... (0%)
[ Info: Done loading LibGit2 from cache... (0%)
[ Info: Loading Base64 from cache... (0%)
[ Info: Done loading Base64 from cache... (0%)
[ Info: Loading LibGit2_jll from cache... (0%)
[ Info: Done loading LibGit2_jll from cache... (0%)
[ Info: Loading Printf from cache... (0%)
[ Info: Done loading Printf from cache... (0%)
[ Info: Loading Unicode from cache... (0%)
[ Info: Done loading Unicode from cache... (0%)
[ Info: Loading Dates from cache... (0%)
[ Info: Done loading Dates from cache... (0%)
[ Info: Loading p7zip_jll from cache... (0%)
[ Info: Done loading p7zip_jll from cache... (0%)
[ Info: Loading Logging from cache... (0%)
[ Info: Done loading Logging from cache... (0%)
[ Info: Loading Markdown from cache... (0%)
[ Info: Done loading Markdown from cache... (0%)
[ Info: Loading TOML from cache... (0%)
[ Info: Done loading TOML from cache... (0%)
[ Info: Loading Showoff from cache... (0%)
[ Info: Done loading Showoff from cache... (0%)
[ Info: Loading Grisu from cache... (0%)
[ Info: Done loading Grisu from cache... (0%)
[ Info: Loading GR from cache... (0%)
[ Info: Done loading GR from cache... (0%)
┌ Warning: Test not stored on disc
└ @ SymbolServer ~/.vscode-oss/extensions/julialang.language-julia-1.127.2-universal/scripts/packages/SymbolServer/src/SymbolServer.jl:361
┌ Warning: Qt6Wayland_jll not stored on disc
└ @ SymbolServer ~/.vscode-oss/extensions/julialang.language-julia-1.127.2-universal/scripts/packages/SymbolServer/src/SymbolServer.jl:361
[ Info: Loading Serialization from cache... (0%)
[ Info: Done loading Serialization from cache... (0%)
┌ Warning: HTTP not stored on disc
└ @ SymbolServer ~/.vscode-oss/extensions/julialang.language-julia-1.127.2-universal/scripts/packages/SymbolServer/src/SymbolServer.jl:361
┌ Warning: DelimitedFiles not stored on disc
└ @ SymbolServer ~/.vscode-oss/extensions/julialang.language-julia-1.127.2-universal/scripts/packages/SymbolServer/src/SymbolServer.jl:361
[ Info: Loading LinearAlgebra from cache... (0%)
[ Info: Done loading LinearAlgebra from cache... (took 0.17s) (0%)
[ Info: Loading libblastrampoline_jll from cache... (0%)
[ Info: Done loading libblastrampoline_jll from cache... (0%)
[ Info: Loading OpenBLAS_jll from cache... (0%)
[ Info: Done loading OpenBLAS_jll from cache... (0%)
[ Info: Loading CompilerSupportLibraries_jll from cache... (0%)
[ Info: Done loading CompilerSupportLibraries_jll from cache... (0%)
[ Info: Loading JSON from cache... (0%)
[ Info: Done loading JSON from cache... (0%)
[ Info: Loading Parsers from cache... (0%)
[ Info: Done loading Parsers from cache... (0%)
[ Info: Loading PrecompileTools from cache... (0%)
[ Info: Done loading PrecompileTools from cache... (0%)
[ Info: Loading Preferences from cache... (0%)
[ Info: Done loading Preferences from cache... (0%)
[ Info: Loading Mmap from cache... (0%)
[ Info: Done loading Mmap from cache... (0%)
[ Info: Loading GR_jll from cache... (0%)
[ Info: Done loading GR_jll from cache... (0%)
[ Info: Loading Fontconfig_jll from cache... (0%)
[ Info: Done loading Fontconfig_jll from cache... (0%)
[ Info: Loading JLLWrappers from cache... (0%)
[ Info: Done loading JLLWrappers from cache... (0%)
[ Info: Loading Bzip2_jll from cache... (0%)
[ Info: Done loading Bzip2_jll from cache... (0%)
[ Info: Loading Libuuid_jll from cache... (0%)
[ Info: Done loading Libuuid_jll from cache... (0%)
[ Info: Loading FreeType2_jll from cache... (0%)
[ Info: Done loading FreeType2_jll from cache... (0%)
[ Info: Loading Expat_jll from cache... (0%)
[ Info: Done loading Expat_jll from cache... (0%)
[ Info: Loading Pixman_jll from cache... (0%)
[ Info: Done loading Pixman_jll from cache... (0%)
┌ Warning: LLVMOpenMP_jll not stored on disc
└ @ SymbolServer ~/.vscode-oss/extensions/julialang.language-julia-1.127.2-universal/scripts/packages/SymbolServer/src/SymbolServer.jl:361
[ Info: Loading FFMPEG_jll from cache... (0%)
[ Info: Done loading FFMPEG_jll from cache... (0%)
[ Info: Loading LAME_jll from cache... (0%)
[ Info: Done loading LAME_jll from cache... (0%)
[ Info: Loading Opus_jll from cache... (0%)
[ Info: Done loading Opus_jll from cache... (0%)
[ Info: Loading FriBidi_jll from cache... (0%)
[ Info: Done loading FriBidi_jll from cache... (0%)
[ Info: Loading x264_jll from cache... (0%)
[ Info: Done loading x264_jll from cache... (0%)
[ Info: Loading libaom_jll from cache... (0%)
[ Info: Done loading libaom_jll from cache... (0%)
[ Info: Loading libvorbis_jll from cache... (0%)
[ Info: Done loading libvorbis_jll from cache... (0%)
[ Info: Loading Ogg_jll from cache... (0%)
[ Info: Done loading Ogg_jll from cache... (0%)
[ Info: Loading x265_jll from cache... (0%)
[ Info: Done loading x265_jll from cache... (0%)
[ Info: Loading libass_jll from cache... (0%)
[ Info: Done loading libass_jll from cache... (0%)
[ Info: Loading HarfBuzz_jll from cache... (0%)
[ Info: Done loading HarfBuzz_jll from cache... (0%)
[ Info: Loading Libffi_jll from cache... (0%)
[ Info: Done loading Libffi_jll from cache... (0%)
[ Info: Loading Cairo_jll from cache... (0%)
[ Info: Done loading Cairo_jll from cache... (0%)
[ Info: Loading Xorg_libXrender_jll from cache... (0%)
[ Info: Done loading Xorg_libXrender_jll from cache... (0%)
[ Info: Loading Xorg_libX11_jll from cache... (0%)
[ Info: Done loading Xorg_libX11_jll from cache... (0%)
[ Info: Loading Xorg_libxcb_jll from cache... (0%)
[ Info: Done loading Xorg_libxcb_jll from cache... (0%)
┌ Warning: XSLT_jll not stored on disc
└ @ SymbolServer ~/.vscode-oss/extensions/julialang.language-julia-1.127.2-universal/scripts/packages/SymbolServer/src/SymbolServer.jl:361
[ Info: Loading Xorg_libXau_jll from cache... (0%)
[ Info: Done loading Xorg_libXau_jll from cache... (0%)
[ Info: Loading Xorg_libpthread_stubs_jll from cache... (0%)
[ Info: Done loading Xorg_libpthread_stubs_jll from cache... (0%)
[ Info: Loading Xorg_libXdmcp_jll from cache... (0%)
[ Info: Done loading Xorg_libXdmcp_jll from cache... (0%)
[ Info: Loading Xorg_xtrans_jll from cache... (0%)
[ Info: Done loading Xorg_xtrans_jll from cache... (0%)
[ Info: Loading Glib_jll from cache... (0%)
[ Info: Done loading Glib_jll from cache... (0%)
[ Info: Loading Gettext_jll from cache... (0%)
[ Info: Done loading Gettext_jll from cache... (0%)
[ Info: Loading XML2_jll from cache... (0%)
[ Info: Done loading XML2_jll from cache... (0%)
[ Info: Loading Libiconv_jll from cache... (0%)
[ Info: Done loading Libiconv_jll from cache... (0%)
[ Info: Loading Libmount_jll from cache... (0%)
[ Info: Done loading Libmount_jll from cache... (0%)
[ Info: Loading PCRE2_jll from cache... (0%)
[ Info: Done loading PCRE2_jll from cache... (0%)
[ Info: Loading Xorg_libXext_jll from cache... (0%)
[ Info: Done loading Xorg_libXext_jll from cache... (0%)
[ Info: Loading libpng_jll from cache... (0%)
[ Info: Done loading libpng_jll from cache... (0%)
[ Info: Loading LZO_jll from cache... (0%)
[ Info: Done loading LZO_jll from cache... (0%)
[ Info: Loading Graphite2_jll from cache... (0%)
[ Info: Done loading Graphite2_jll from cache... (0%)
[ Info: Loading libfdk_aac_jll from cache... (0%)
[ Info: Done loading libfdk_aac_jll from cache... (0%)
[ Info: Loading OpenSSL_jll from cache... (0%)
[ Info: Done loading OpenSSL_jll from cache... (0%)
[ Info: Loading JpegTurbo_jll from cache... (0%)
[ Info: Done loading JpegTurbo_jll from cache... (0%)
[ Info: Loading Libtiff_jll from cache... (0%)
[ Info: Done loading Libtiff_jll from cache... (0%)
[ Info: Loading LERC_jll from cache... (0%)
[ Info: Done loading LERC_jll from cache... (0%)
[ Info: Loading XZ_jll from cache... (0%)
[ Info: Done loading XZ_jll from cache... (0%)
[ Info: Loading Zstd_jll from cache... (0%)
[ Info: Done loading Zstd_jll from cache... (0%)
[ Info: Loading GLFW_jll from cache... (0%)
[ Info: Done loading GLFW_jll from cache... (0%)
[ Info: Loading Libglvnd_jll from cache... (0%)
[ Info: Done loading Libglvnd_jll from cache... (0%)
[ Info: Loading Xorg_libXcursor_jll from cache... (0%)
[ Info: Done loading Xorg_libXcursor_jll from cache... (0%)
[ Info: Loading Xorg_libXfixes_jll from cache... (0%)
[ Info: Done loading Xorg_libXfixes_jll from cache... (0%)
[ Info: Loading Xorg_libXinerama_jll from cache... (0%)
[ Info: Done loading Xorg_libXinerama_jll from cache... (0%)
[ Info: Loading Xorg_libXrandr_jll from cache... (0%)
[ Info: Done loading Xorg_libXrandr_jll from cache... (0%)
[ Info: Loading xkbcommon_jll from cache... (0%)
[ Info: Done loading xkbcommon_jll from cache... (0%)
[ Info: Loading Xorg_xkeyboard_config_jll from cache... (0%)
[ Info: Done loading Xorg_xkeyboard_config_jll from cache... (0%)
[ Info: Loading Xorg_xkbcomp_jll from cache... (0%)
[ Info: Done loading Xorg_xkbcomp_jll from cache... (0%)
[ Info: Loading Xorg_libxkbfile_jll from cache... (0%)
[ Info: Done loading Xorg_libxkbfile_jll from cache... (0%)
[ Info: Loading Wayland_jll from cache... (0%)
[ Info: Done loading Wayland_jll from cache... (0%)
[ Info: Loading EpollShim_jll from cache... (0%)
[ Info: Done loading EpollShim_jll from cache... (0%)
[ Info: Loading Wayland_protocols_jll from cache... (0%)
[ Info: Done loading Wayland_protocols_jll from cache... (0%)
[ Info: Loading Xorg_libXi_jll from cache... (0%)
[ Info: Done loading Xorg_libXi_jll from cache... (0%)
[ Info: Loading libdecor_jll from cache... (0%)
[ Info: Done loading libdecor_jll from cache... (0%)
[ Info: Loading Pango_jll from cache... (0%)
[ Info: Done loading Pango_jll from cache... (0%)
[ Info: Loading Dbus_jll from cache... (0%)
[ Info: Done loading Dbus_jll from cache... (0%)
[ Info: Loading Qt6Base_jll from cache... (0%)
[ Info: Done loading Qt6Base_jll from cache... (0%)
[ Info: Loading Xorg_xcb_util_image_jll from cache... (0%)
[ Info: Done loading Xorg_xcb_util_image_jll from cache... (0%)
[ Info: Loading Xorg_xcb_util_jll from cache... (0%)
[ Info: Done loading Xorg_xcb_util_jll from cache... (0%)
[ Info: Loading Vulkan_Loader_jll from cache... (0%)
[ Info: Done loading Vulkan_Loader_jll from cache... (0%)
[ Info: Loading Xorg_libSM_jll from cache... (0%)
[ Info: Done loading Xorg_libSM_jll from cache... (0%)
[ Info: Loading Xorg_libICE_jll from cache... (0%)
[ Info: Done loading Xorg_libICE_jll from cache... (0%)
[ Info: Loading libinput_jll from cache... (0%)
[ Info: Done loading libinput_jll from cache... (0%)
[ Info: Loading eudev_jll from cache... (0%)
[ Info: Done loading eudev_jll from cache... (0%)
[ Info: Loading gperf_jll from cache... (0%)
[ Info: Done loading gperf_jll from cache... (0%)
[ Info: Loading libevdev_jll from cache... (0%)
[ Info: Done loading libevdev_jll from cache... (0%)
[ Info: Loading mtdev_jll from cache... (0%)
[ Info: Done loading mtdev_jll from cache... (0%)
[ Info: Loading Xorg_xcb_util_wm_jll from cache... (0%)
[ Info: Done loading Xorg_xcb_util_wm_jll from cache... (0%)
[ Info: Loading Xorg_xcb_util_renderutil_jll from cache... (0%)
[ Info: Done loading Xorg_xcb_util_renderutil_jll from cache... (0%)
[ Info: Loading Xorg_xcb_util_keysyms_jll from cache... (0%)
[ Info: Done loading Xorg_xcb_util_keysyms_jll from cache... (0%)
[ Info: Loading Xorg_xcb_util_cursor_jll from cache... (0%)
[ Info: Done loading Xorg_xcb_util_cursor_jll from cache... (0%)
[ Info: Loading Sockets from cache... (0%)
[ Info: Done loading Sockets from cache... (0%)
[ Info: Loading Statistics from cache... (0%)
[ Info: Done loading Statistics from cache... (0%)
[ Info: Loading FixedPointNumbers from cache... (0%)
[ Info: Done loading FixedPointNumbers from cache... (took 0.013s) (0%)
[ Info: Loading JLFzf from cache... (0%)
[ Info: Done loading JLFzf from cache... (0%)
[ Info: Loading REPL from cache... (0%)
[ Info: Done loading REPL from cache... (took 0.024s) (0%)
[ Info: Loading InteractiveUtils from cache... (0%)
[ Info: Done loading InteractiveUtils from cache... (0%)
[ Info: Loading StyledStrings from cache... (0%)
[ Info: Done loading StyledStrings from cache... (0%)
[ Info: Loading fzf_jll from cache... (0%)
[ Info: Done loading fzf_jll from cache... (0%)
[ Info: Loading Unzip from cache... (0%)
[ Info: Done loading Unzip from cache... (0%)
┌ Warning: UnitfulLatexify not stored on disc
└ @ SymbolServer ~/.vscode-oss/extensions/julialang.language-julia-1.127.2-universal/scripts/packages/SymbolServer/src/SymbolServer.jl:361
[ Info: Loading RecipesPipeline from cache... (0%)
[ Info: Done loading RecipesPipeline from cache... (0%)
[ Info: Loading RecipesBase from cache... (0%)
[ Info: Done loading RecipesBase from cache... (0%)
[ Info: Loading PlotUtils from cache... (0%)
[ Info: Done loading PlotUtils from cache... (0%)
[ Info: Loading ColorSchemes from cache... (0%)
[ Info: Done loading ColorSchemes from cache... (0%)
[ Info: Loading ColorTypes from cache... (0%)
[ Info: Done loading ColorTypes from cache... (took 0.011s) (0%)
[ Info: Loading ColorVectorSpace from cache... (0%)
[ Info: Done loading ColorVectorSpace from cache... (0%)
[ Info: Loading TensorCore from cache... (0%)
[ Info: Done loading TensorCore from cache... (0%)
[ Info: Loading Requires from cache... (0%)
[ Info: Done loading Requires from cache... (0%)
[ Info: Loading Colors from cache... (0%)
[ Info: Done loading Colors from cache... (0%)
[ Info: Loading Reexport from cache... (0%)
[ Info: Done loading Reexport from cache... (0%)
[ Info: Loading StableRNGs from cache... (0%)
[ Info: Done loading StableRNGs from cache... (0%)
[ Info: Loading NaNMath from cache... (0%)
[ Info: Done loading NaNMath from cache... (0%)
[ Info: Loading OpenLibm_jll from cache... (0%)
[ Info: Done loading OpenLibm_jll from cache... (0%)
[ Info: Loading LaTeXStrings from cache... (0%)
[ Info: Done loading LaTeXStrings from cache... (0%)
[ Info: Loading StatsBase from cache... (0%)
[ Info: Done loading StatsBase from cache... (took 0.014s) (0%)
[ Info: Loading AliasTables from cache... (0%)
[ Info: Done loading AliasTables from cache... (0%)
[ Info: Loading PtrArrays from cache... (0%)
[ Info: Done loading PtrArrays from cache... (0%)
[ Info: Loading LogExpFunctions from cache... (0%)
[ Info: Done loading LogExpFunctions from cache... (0%)
[ Info: Loading IrrationalConstants from cache... (0%)
[ Info: Done loading IrrationalConstants from cache... (0%)
[ Info: Loading DocStringExtensions from cache... (0%)
[ Info: Done loading DocStringExtensions from cache... (0%)
[ Info: Loading SortingAlgorithms from cache... (0%)
[ Info: Done loading SortingAlgorithms from cache... (0%)
[ Info: Loading DataStructures from cache... (0%)
[ Info: Done loading DataStructures from cache... (took 0.015s) (0%)
[ Info: Loading Compat from cache... (0%)
[ Info: Done loading Compat from cache... (0%)
[ Info: Loading OrderedCollections from cache... (0%)
[ Info: Done loading OrderedCollections from cache... (0%)
[ Info: Loading Missings from cache... (0%)
[ Info: Done loading Missings from cache... (0%)
[ Info: Loading DataAPI from cache... (0%)
[ Info: Done loading DataAPI from cache... (0%)
[ Info: Loading StatsAPI from cache... (0%)
[ Info: Done loading StatsAPI from cache... (0%)
[ Info: Loading SparseArrays from cache... (0%)
[ Info: Done loading SparseArrays from cache... (took 0.053s) (0%)
[ Info: Loading SuiteSparse_jll from cache... (0%)
[ Info: Done loading SuiteSparse_jll from cache... (0%)
[ Info: Loading RelocatableFolders from cache... (0%)
[ Info: Done loading RelocatableFolders from cache... (0%)
[ Info: Loading Scratch from cache... (0%)
[ Info: Done loading Scratch from cache... (0%)
┌ Warning: Latexify not stored on disc
└ @ SymbolServer ~/.vscode-oss/extensions/julialang.language-julia-1.127.2-universal/scripts/packages/SymbolServer/src/SymbolServer.jl:361
[ Info: Loading FFMPEG from cache... (0%)
[ Info: Done loading FFMPEG from cache... (0%)
[ Info: Loading Measures from cache... (0%)
[ Info: Done loading Measures from cache... (0%)
[ Info: Loading UnicodeFun from cache... (0%)
[ Info: Done loading UnicodeFun from cache... (0%)
[ Info: Loading PlotThemes from cache... (0%)
[ Info: Done loading PlotThemes from cache... (0%)
┌ Warning: Contour not stored on disc
└ @ SymbolServer ~/.vscode-oss/extensions/julialang.language-julia-1.127.2-universal/scripts/packages/SymbolServer/src/SymbolServer.jl:361
[ Info: Loaded all packages into cache in 0.73s (100%)
============== Startup timings ==============
       0.0 - LS startup started (0.0s since last event)
   0.06077 - connection established (0.06077s since last event)
    2.8228 - (async) listening to client events (2.7621s since last event)
    2.8683 - (async) listening to symbol server events (0.04547s since last event)
    2.8683 - starting combined listener (4.0054e-5s since last event)
    2.9435 - LSP/initialize (0.075195s since last event)
    4.9394 - LSP/initialized (1.9958s since last event)
    15.641 - LSP/textDocument/didOpen (10.702s since last event)
    16.076 - LSP/textDocument/documentSymbol (0.43498s since last event)
     16.53 - LSP/textDocument/codeAction (0.45435s since last event)
    17.276 - LSP/textDocument/documentLink (0.746s since last event)
    17.552 - LSP/textDocument/inlayHint (0.27613s since last event)
    17.986 - LSP/textDocument/documentSymbol (0.43367s since last event)
    17.986 - LSP/textDocument/codeAction (0.000283s since last event)
    17.986 - LSP/$/cancelRequest (7.1049e-5s since last event)
    18.014 - LSP/textDocument/codeAction (0.027398s since last event)
    18.014 - LSP/$/cancelRequest (0.00013113s since last event)
    28.967 - symbols received (10.953s since last event)
     28.97 - extended methods computed (0.0032411s since last event)
     28.97 - project deps computed (1.5974e-5s since last event)
     28.97 - env map computed (1.9073e-6s since last event)
    29.074 - initial lint done (0.10424s since last event)
=============================================

